\BOOKMARK [1][-]{section.1}{\376\377\000n\000g\000i\000n\000x\000.\000c\000o\000n\000f\000\040\121\145\225\350\221\115\177\156}{}% 1
\BOOKMARK [2][-]{subsection.1.1}{\376\377\221\115\177\156\145\207\116\366\176\323\147\204}{section.1}% 2
\BOOKMARK [2][-]{subsection.1.2}{\376\377\220\107\122\060\217\307\166\204\225\031\213\357}{section.1}% 3
\BOOKMARK [2][-]{subsection.1.3}{\376\377\127\372\170\100\137\000\121\163\124\175\116\344}{section.1}% 4
\BOOKMARK [2][-]{subsection.1.4}{\376\377\000n\000g\000i\000n\000x\000\040\217\333\172\013\152\041\127\213}{section.1}% 5
\BOOKMARK [2][-]{subsection.1.5}{\376\377\000n\000g\000i\000n\000x\000\040\217\333\172\013\121\167\117\123\210\114\116\072}{section.1}% 6
\BOOKMARK [2][-]{subsection.1.6}{\376\377\000n\000g\000i\000n\000x\000\040\217\333\172\013\152\041\127\213\166\370\121\163\117\030\160\271\166\204\140\035\200\003}{section.1}% 7
\BOOKMARK [1][-]{section.2}{\376\377\147\266\147\204\213\276\213\241\116\016\135\345\117\134\152\041\137\017}{}% 8
\BOOKMARK [2][-]{subsection.2.1}{\376\377\152\041\127\127\215\357\137\204\123\312\117\123\174\373}{section.2}% 9
\BOOKMARK [2][-]{subsection.2.2}{\376\377\000n\000g\000i\000n\000x\166\204\135\345\117\134\152\041\137\017}{section.2}% 10
\BOOKMARK [2][-]{subsection.2.3}{\376\377\116\213\116\366\232\161\122\250\152\041\127\213}{section.2}% 11
\BOOKMARK [1][-]{section.3}{\376\377\000n\000g\000i\000n\000x\000\040\166\356\137\125\176\323\147\204}{}% 12
\BOOKMARK [2][-]{subsection.3.1}{\376\377\133\211\210\305\166\356\137\125\213\364\146\016\377\010\220\350\122\006\377\011}{section.3}% 13
\BOOKMARK [2][-]{subsection.3.2}{\376\377\121\166\116\326}{section.3}% 14
\BOOKMARK [1][-]{section.4}{\376\377\000\040\000n\000g\000i\000n\000x\000\040\152\041\127\127\176\303\116\140\116\016\117\177\165\050}{}% 15
\BOOKMARK [2][-]{subsection.4.1}{\376\377\000s\000t\000u\000b\000\137\000s\000t\000a\000t\000u\000s\000\040\147\345\167\013\000\040\000N\000g\000i\000n\000x\000\040\166\204\133\242\142\067\172\357\162\266\140\001}{section.4}% 16
\BOOKMARK [2][-]{subsection.4.2}{\376\377\000r\000a\000n\000d\000o\000m\000\137\000i\000n\000d\000e\000x\000\040\213\276\177\156\226\217\147\072\177\121\230\165}{section.4}% 17
\BOOKMARK [2][-]{subsection.4.3}{\376\377\146\364\131\032\152\041\127\127\117\177\165\050\145\271\137\017}{section.4}% 18
\BOOKMARK [2][-]{subsection.4.4}{\376\377\000\040\000n\000g\000i\000n\000x\000\040\213\277\225\356\143\247\122\066}{section.4}% 19
\BOOKMARK [1][-]{section.5}{\376\377\000\040\000n\000g\000i\000n\000x\000\040\217\333\226\066\131\047\176\262\116\016\225\356\230\230\200\124\174\373}{}% 20
\BOOKMARK [2][-]{subsection.5.1}{\376\377\131\047\176\262}{section.5}% 21
\BOOKMARK [2][-]{subsection.5.2}{\376\377\136\070\211\301\225\356\230\230}{section.5}% 22
\BOOKMARK [1][-]{section.6}{\376\377\000\040\000n\000g\000i\000n\000x\000\040\227\131\140\001\215\104\156\220\213\277\225\356}{}% 23
\BOOKMARK [2][-]{subsection.6.1}{\376\377\121\306\131\007\135\345\117\134\000\040\000\267\000\040\164\006\211\343\116\343\170\001}{section.6}% 24
\BOOKMARK [2][-]{subsection.6.2}{\376\377\121\306\131\007\135\345\117\134\000\040\000\267\000\040\000L\000o\000c\000a\000t\000i\000o\000n\000\040\164\006\211\343\215\357\165\061\211\304\122\031\116\016\000c\000o\000n\000f\000.\000d\221\115\177\156}{section.6}% 25
\BOOKMARK [2][-]{subsection.6.3}{\376\377\137\000\131\313\133\236\215\365}{section.6}% 26
\BOOKMARK [1][-]{section.7}{\376\377\155\117\211\310\126\150\177\023\133\130}{}% 27
\BOOKMARK [2][-]{subsection.7.1}{\376\377\155\117\211\310\126\150\203\267\123\326\177\023\133\130\166\204\155\101\172\013}{section.7}% 28
\BOOKMARK [2][-]{subsection.7.2}{\376\377\000E\000T\000a\000g}{section.7}% 29
\BOOKMARK [2][-]{subsection.7.3}{\376\377\000l\000a\000s\000t\000-\000m\000o\000d\000i\000f\000i\000e\000d}{section.7}% 30
\BOOKMARK [2][-]{subsection.7.4}{\376\377\226\104\377\032\226\062\166\327\224\376\213\276\177\156\123\302\200\003}{section.7}% 31
\BOOKMARK [2][-]{subsection.7.5}{\376\377\226\104\377\032\215\350\127\337\213\277\225\356}{section.7}% 32
\BOOKMARK [2][-]{subsection.7.6}{\376\377\213\276\177\156\177\023\133\130\137\000\131\313\133\236\215\365}{section.7}% 33
\BOOKMARK [1][-]{section.8}{\376\377\000\040\000n\000g\000i\000n\000x\000\040\116\343\164\006\147\015\122\241}{}% 34
\BOOKMARK [2][-]{subsection.8.1}{\376\377\000\040\000n\000g\000i\000n\000x\000\040\123\315\124\021\116\343\164\006\121\205\155\265}{section.8}% 35
\BOOKMARK [2][-]{subsection.8.2}{\376\377\217\333\210\114\123\315\116\343\166\204\121\306\131\007\135\345\117\134}{section.8}% 36
\BOOKMARK [2][-]{subsection.8.3}{\376\377\120\132\116\044\116\052\221\115\177\156\145\207\116\366}{section.8}% 37
\BOOKMARK [3][-]{subsubsection.8.3.1}{\376\377\000x\000x\000x\000.\000c\000o\000n\000f}{subsection.8.3}% 38
\BOOKMARK [3][-]{subsubsection.8.3.2}{\376\377\000y\000y\000y\000.\000c\000o\000n\000f}{subsection.8.3}% 39
\BOOKMARK [2][-]{subsection.8.4}{\376\377\155\113\213\325\123\315\116\343\213\277\225\356}{section.8}% 40
\BOOKMARK [3][-]{subsubsection.8.4.1}{\376\377\123\315\116\343\123\302\200\003\215\104\145\231\116\016\153\143\124\021\116\343\164\006\142\151\134\125\226\005\213\373}{subsection.8.4}% 41
\BOOKMARK [3][-]{subsubsection.8.4.2}{\376\377\116\343\164\006\210\145\121\105\221\115\177\156}{subsection.8.4}% 42
\BOOKMARK [1][-]{section.9}{\376\377\215\037\217\175\127\107\210\141\136\224\165\050\127\072\146\157}{}% 43
\BOOKMARK [2][-]{subsection.9.1}{\376\377\215\037\217\175\127\107\210\141\166\204\121\306\131\007\135\345\117\134}{section.9}% 44
\BOOKMARK [2][-]{subsection.9.2}{\376\377\215\037\217\175\127\107\210\141\221\115\177\156}{section.9}% 45
\BOOKMARK [2][-]{subsection.9.3}{\376\377\215\037\217\175\127\107\210\141\221\115\177\156\211\343\213\373}{section.9}% 46
\BOOKMARK [3][-]{subsubsection.9.3.1}{\376\377\000n\000g\000i\000n\000x\000:\000[\000e\000m\000e\000r\000g\000]\000\040\000o\000p\000e\000n\000\050\000\051\040\034\000/\000e\000t\000c\000/\000n\000g\000i\000n\000x\000/\000p\000r\000o\000x\000y\000\137\000p\000a\000r\000a\000m\000s\040\035\000\040\000f\000a\000i\000l\000e\000d\000\040\000\050\0002\000:\000\040\000N\000o\000\040\000s\000u\000c\000h\000\040\000f\000i\000l\000e\000\040\000o\000r\000\040\000d\000i\000r\000e\000c\000t\000o\000r\000y\000\051}{subsection.9.3}% 47
\BOOKMARK [3][-]{subsubsection.9.3.2}{\376\377\000u\000p\000s\000t\000r\000e\000a\000m\000\040\000t\000e\000s\000t\000\040\116\016\000\040\000h\000t\000t\000p\000:\000/\000/\000t\000e\000s\000t\000\040\166\204\200\124\174\373}{subsection.9.3}% 48
\BOOKMARK [1][-]{section.10}{\376\377\000n\000g\000i\000n\000x\000\040\177\023\133\130\166\204\117\177\165\050}{}% 49
\BOOKMARK [2][-]{subsection.10.1}{\376\377\000p\000r\000o\000x\000y\000\137\000c\000a\000c\000h\000e\000\040\221\115\177\156}{section.10}% 50
\BOOKMARK [2][-]{subsection.10.2}{\376\377\000p\000r\000o\000x\000y\000\137\000c\000a\000c\000h\000e\000\137\000p\000a\000t\000h\000\040\221\115\177\156}{section.10}% 51
\BOOKMARK [2][-]{subsection.10.3}{\376\377\000p\000r\000o\000x\000y\000\137\000c\000a\000c\000h\000e\000\137\000p\000a\000t\000h\000\040\166\204\117\177\165\050}{section.10}% 52
\BOOKMARK [1][-]{section.11}{\376\377\226\104\137\125}{}% 53
\BOOKMARK [2][-]{subsection.11.1}{\376\377\000N\000g\000i\000n\000x\000\040\122\250\227\131\122\006\171\273}{section.11}% 54
\BOOKMARK [2][-]{subsection.11.2}{\376\377\000n\000g\000i\000n\000x\000\040\221\315\121\231}{section.11}% 55
\BOOKMARK [2][-]{subsection.11.3}{\376\377\000\040\000n\000g\000i\000n\000x\000\040\166\370\121\163\145\131\172\013}{section.11}% 56
\BOOKMARK [2][-]{subsection.11.4}{\376\377\000\040\000n\000g\000i\000n\000x\000\040\135\345\117\134\116\012\166\204\117\213\133\120}{section.11}% 57
\BOOKMARK [2][-]{subsection.11.5}{\376\377\000\040\000n\000g\000i\000n\000x\000\040\121\170\127\213\136\224\165\050\127\072\146\157}{section.11}% 58
\BOOKMARK [2][-]{subsection.11.6}{\376\377\000\040\000m\000y\000s\000q\000l\000\040\137\305\167\345\137\305\117\032}{section.11}% 59
