This is pdfTeX, Version 3.141592653-2.6-1.40.24 (MiKTeX 22.1) (preloaded format=pdflatex 2023.8.10)  26 AUG 2023 20:41
entering extended mode
 restricted \write18 enabled.
 file:line:error style messages enabled.
 %&-line parsing enabled.
**/Users/chanlonhoo/Desktop/nginx^^e7^^ac^^94^^e8^^ae^^b0/nginx^^e7^^ac^^94^^e8^^ae^^b0.tex
(/Users/chanlonhoo/Desktop/nginx^^e7^^ac^^94^^e8^^ae^^b0/nginx^^e7^^ac^^94^^e8^^ae^^b0.tex
LaTeX2e <2023-06-01> patch level 1
L3 programming layer <2023-06-30>
(/Library/Application Support/MiKTeX/texmfs/install/tex/latex/base/article.cls
Document Class: article 2023/05/17 v1.4n Standard LaTeX document class
(/Library/Application Support/MiKTeX/texmfs/install/tex/latex/base/size12.clo
File: size12.clo 2023/05/17 v1.4n Standard LaTeX file (size option)
)
\c@part=\count185
\c@section=\count186
\c@subsection=\count187
\c@subsubsection=\count188
\c@paragraph=\count189
\c@subparagraph=\count190
\c@figure=\count191
\c@table=\count192
\abovecaptionskip=\skip48
\belowcaptionskip=\skip49
\bibindent=\dimen140
) (/Users/chanlonhoo/Library/Application Support/MiKTeX/texmfs/install/tex/latex/cjk/CJKutf8.sty
Package: CJKutf8 2021/10/16 4.8.5
 (/Library/Application Support/MiKTeX/texmfs/install/tex/generic/iftex/ifpdf.sty
Package: ifpdf 2019/10/25 v3.4 ifpdf legacy package. Use iftex instead.
 (/Library/Application Support/MiKTeX/texmfs/install/tex/generic/iftex/iftex.sty
Package: iftex 2022/02/03 v1.0f TeX engine tests
)) (/Library/Application Support/MiKTeX/texmfs/install/tex/latex/base/inputenc.sty
Package: inputenc 2021/02/14 v1.3d Input encoding file
\inpenc@prehook=\toks17
\inpenc@posthook=\toks18
) (/Users/chanlonhoo/Library/Application Support/MiKTeX/texmfs/install/tex/latex/cjk/CJK.sty
Package: CJK 2021/10/16 4.8.5
 (/Users/chanlonhoo/Library/Application Support/MiKTeX/texmfs/install/tex/latex/cjk/mule/MULEenc.sty
Package: MULEenc 2021/10/16 4.8.5
) (/Users/chanlonhoo/Library/Application Support/MiKTeX/texmfs/install/tex/latex/cjk/CJK.enc
File: CJK.enc 2021/10/16 4.8.5
Now handling font encoding C00 ...
... no UTF-8 mapping file for font encoding C00
Now handling font encoding C05 ...
... no UTF-8 mapping file for font encoding C05
Now handling font encoding C09 ...
... no UTF-8 mapping file for font encoding C09
Now handling font encoding C10 ...
... no UTF-8 mapping file for font encoding C10
Now handling font encoding C20 ...
... no UTF-8 mapping file for font encoding C20
Now handling font encoding C19 ...
... no UTF-8 mapping file for font encoding C19
Now handling font encoding C40 ...
... no UTF-8 mapping file for font encoding C40
Now handling font encoding C42 ...
... no UTF-8 mapping file for font encoding C42
Now handling font encoding C43 ...
... no UTF-8 mapping file for font encoding C43
Now handling font encoding C50 ...
... no UTF-8 mapping file for font encoding C50
Now handling font encoding C52 ...
... no UTF-8 mapping file for font encoding C52
Now handling font encoding C49 ...
... no UTF-8 mapping file for font encoding C49
Now handling font encoding C60 ...
... no UTF-8 mapping file for font encoding C60
Now handling font encoding C61 ...
... no UTF-8 mapping file for font encoding C61
Now handling font encoding C63 ...
... no UTF-8 mapping file for font encoding C63
Now handling font encoding C64 ...
... no UTF-8 mapping file for font encoding C64
Now handling font encoding C65 ...
... no UTF-8 mapping file for font encoding C65
Now handling font encoding C70 ...
... no UTF-8 mapping file for font encoding C70
Now handling font encoding C31 ...
... no UTF-8 mapping file for font encoding C31
Now handling font encoding C32 ...
... no UTF-8 mapping file for font encoding C32
Now handling font encoding C33 ...
... no UTF-8 mapping file for font encoding C33
Now handling font encoding C34 ...
... no UTF-8 mapping file for font encoding C34
Now handling font encoding C35 ...
... no UTF-8 mapping file for font encoding C35
Now handling font encoding C36 ...
... no UTF-8 mapping file for font encoding C36
Now handling font encoding C37 ...
... no UTF-8 mapping file for font encoding C37
Now handling font encoding C80 ...
... no UTF-8 mapping file for font encoding C80
Now handling font encoding C81 ...
... no UTF-8 mapping file for font encoding C81
Now handling font encoding C01 ...
... no UTF-8 mapping file for font encoding C01
Now handling font encoding C11 ...
... no UTF-8 mapping file for font encoding C11
Now handling font encoding C21 ...
... no UTF-8 mapping file for font encoding C21
Now handling font encoding C41 ...
... no UTF-8 mapping file for font encoding C41
Now handling font encoding C62 ...
... no UTF-8 mapping file for font encoding C62
)
\CJK@indent=\box51
) (/Library/Application Support/MiKTeX/texmfs/install/tex/latex/base/fontenc.sty
Package: fontenc 2021/04/29 v2.0v Standard LaTeX package
)) (/Library/Application Support/MiKTeX/texmfs/install/tex/latex/graphics/graphicx.sty
Package: graphicx 2021/09/16 v1.2d Enhanced LaTeX Graphics (DPC,SPQR)
 (/Library/Application Support/MiKTeX/texmfs/install/tex/latex/graphics/keyval.sty
Package: keyval 2022/05/29 v1.15 key=value parser (DPC)
\KV@toks@=\toks19
) (/Library/Application Support/MiKTeX/texmfs/install/tex/latex/graphics/graphics.sty
Package: graphics 2022/03/10 v1.4e Standard LaTeX Graphics (DPC,SPQR)
 (/Library/Application Support/MiKTeX/texmfs/install/tex/latex/graphics/trig.sty
Package: trig 2021/08/11 v1.11 sin cos tan (DPC)
) (/Library/Application Support/MiKTeX/texmfs/install/tex/latex/graphics-cfg/graphics.cfg
File: graphics.cfg 2016/06/04 v1.11 sample graphics configuration
)
Package graphics Info: Driver file: pdftex.def on input line 107.
 (/Library/Application Support/MiKTeX/texmfs/install/tex/latex/graphics-def/pdftex.def
File: pdftex.def 2022/09/22 v1.2b Graphics/color driver for pdftex
))
\Gin@req@height=\dimen141
\Gin@req@width=\dimen142
) (/Users/chanlonhoo/Library/Application Support/MiKTeX/texmfs/install/tex/latex/subfigure/subfigure.sty
Package: subfigure 2002/07/30 v2.1.4 subfigure package
\subfigtopskip=\skip50
\subfigcapskip=\skip51
\subfigcaptopadj=\dimen143
\subfigbottomskip=\skip52
\subfigcapmargin=\dimen144
\subfiglabelskip=\skip53
\c@subfigure=\count193
\c@lofdepth=\count194
\c@subtable=\count195
\c@lotdepth=\count196

****************************************
* Local config file subfigure.cfg used *
****************************************
(/Users/chanlonhoo/Library/Application Support/MiKTeX/texmfs/install/tex/latex/subfigure/subfigure.cfg)
\subfig@top=\skip54
\subfig@bottom=\skip55
) (/Library/Application Support/MiKTeX/texmfs/install/tex/latex/listings/listings.sty
\lst@mode=\count197
\lst@gtempboxa=\box52
\lst@token=\toks20
\lst@length=\count198
\lst@currlwidth=\dimen145
\lst@column=\count199
\lst@pos=\count266
\lst@lostspace=\dimen146
\lst@width=\dimen147
\lst@newlines=\count267
\lst@lineno=\count268
\lst@maxwidth=\dimen148
 (/Library/Application Support/MiKTeX/texmfs/install/tex/latex/listings/lstmisc.sty
File: lstmisc.sty 2023/02/27 1.9 (Carsten Heinz)
\c@lstnumber=\count269
\lst@skipnumbers=\count270
\lst@framebox=\box53
) (/Library/Application Support/MiKTeX/texmfs/install/tex/latex/listings/listings.cfg
File: listings.cfg 2023/02/27 1.9 listings configuration
))
Package: listings 2023/02/27 1.9 (Carsten Heinz)
 (/Library/Application Support/MiKTeX/texmfs/install/tex/latex/hyperref/hyperref.sty
Package: hyperref 2023-07-08 v7.01b Hypertext links for LaTeX
 (/Users/chanlonhoo/Library/Application Support/MiKTeX/texmfs/install/tex/generic/ltxcmds/ltxcmds.sty
Package: ltxcmds 2020-05-10 v1.25 LaTeX kernel commands for general use (HO)
) (/Library/Application Support/MiKTeX/texmfs/install/tex/generic/pdftexcmds/pdftexcmds.sty
Package: pdftexcmds 2020-06-27 v0.33 Utility functions of pdfTeX for LuaTeX (HO)
 (/Users/chanlonhoo/Library/Application Support/MiKTeX/texmfs/install/tex/generic/infwarerr/infwarerr.sty
Package: infwarerr 2019/12/03 v1.5 Providing info/warning/error messages (HO)
)
Package pdftexcmds Info: \pdf@primitive is available.
Package pdftexcmds Info: \pdf@ifprimitive is available.
Package pdftexcmds Info: \pdfdraftmode found.
) (/Users/chanlonhoo/Library/Application Support/MiKTeX/texmfs/install/tex/latex/kvsetkeys/kvsetkeys.sty
Package: kvsetkeys 2022-10-05 v1.19 Key value parser (HO)
) (/Users/chanlonhoo/Library/Application Support/MiKTeX/texmfs/install/tex/generic/kvdefinekeys/kvdefinekeys.sty
Package: kvdefinekeys 2019-12-19 v1.6 Define keys (HO)
) (/Users/chanlonhoo/Library/Application Support/MiKTeX/texmfs/install/tex/generic/pdfescape/pdfescape.sty
Package: pdfescape 2019/12/09 v1.15 Implements pdfTeX's escape features (HO)
) (/Users/chanlonhoo/Library/Application Support/MiKTeX/texmfs/install/tex/latex/hycolor/hycolor.sty
Package: hycolor 2020-01-27 v1.10 Color options for hyperref/bookmark (HO)
) (/Users/chanlonhoo/Library/Application Support/MiKTeX/texmfs/install/tex/latex/letltxmacro/letltxmacro.sty
Package: letltxmacro 2019/12/03 v1.6 Let assignment for LaTeX macros (HO)
) (/Users/chanlonhoo/Library/Application Support/MiKTeX/texmfs/install/tex/latex/auxhook/auxhook.sty
Package: auxhook 2019-12-17 v1.6 Hooks for auxiliary files (HO)
) (/Library/Application Support/MiKTeX/texmfs/install/tex/latex/hyperref/nameref.sty
Package: nameref 2023-08-07 v2.53 Cross-referencing by name of section
 (/Users/chanlonhoo/Library/Application Support/MiKTeX/texmfs/install/tex/latex/refcount/refcount.sty
Package: refcount 2019/12/15 v3.6 Data extraction from label references (HO)
) (/Users/chanlonhoo/Library/Application Support/MiKTeX/texmfs/install/tex/generic/gettitlestring/gettitlestring.sty
Package: gettitlestring 2019/12/15 v1.6 Cleanup title references (HO)
 (/Users/chanlonhoo/Library/Application Support/MiKTeX/texmfs/install/tex/latex/kvoptions/kvoptions.sty
Package: kvoptions 2022-06-15 v3.15 Key value format for package options (HO)
))
\c@section@level=\count271
) (/Library/Application Support/MiKTeX/texmfs/install/tex/latex/etoolbox/etoolbox.sty
Package: etoolbox 2020/10/05 v2.5k e-TeX tools for LaTeX (JAW)
\etb@tempcnta=\count272
)
\@linkdim=\dimen149
\Hy@linkcounter=\count273
\Hy@pagecounter=\count274
 (/Library/Application Support/MiKTeX/texmfs/install/tex/latex/hyperref/pd1enc.def
File: pd1enc.def 2023-07-08 v7.01b Hyperref: PDFDocEncoding definition (HO)
Now handling font encoding PD1 ...
... no UTF-8 mapping file for font encoding PD1
) (/Users/chanlonhoo/Library/Application Support/MiKTeX/texmfs/install/tex/generic/intcalc/intcalc.sty
Package: intcalc 2019/12/15 v1.3 Expandable calculations with integers (HO)
)
\Hy@SavedSpaceFactor=\count275
 (/Library/Application Support/MiKTeX/texmfs/install/tex/latex/hyperref/puenc.def
File: puenc.def 2023-07-08 v7.01b Hyperref: PDF Unicode definition (HO)
Now handling font encoding PU ...
... no UTF-8 mapping file for font encoding PU
)
Package hyperref Info: Hyper figures OFF on input line 4167.
Package hyperref Info: Link nesting OFF on input line 4172.
Package hyperref Info: Hyper index ON on input line 4175.
Package hyperref Info: Plain pages OFF on input line 4182.
Package hyperref Info: Backreferencing OFF on input line 4187.
Package hyperref Info: Implicit mode ON; LaTeX internals redefined.
Package hyperref Info: Bookmarks ON on input line 4434.
\c@Hy@tempcnt=\count276
 (/Library/Application Support/MiKTeX/texmfs/install/tex/latex/url/url.sty
\Urlmuskip=\muskip16
Package: url 2013/09/16  ver 3.4  Verb mode for urls, etc.
)
LaTeX Info: Redefining \url on input line 4772.
\XeTeXLinkMargin=\dimen150
 (/Users/chanlonhoo/Library/Application Support/MiKTeX/texmfs/install/tex/generic/bitset/bitset.sty
Package: bitset 2019/12/09 v1.3 Handle bit-vector datatype (HO)
 (/Users/chanlonhoo/Library/Application Support/MiKTeX/texmfs/install/tex/generic/bigintcalc/bigintcalc.sty
Package: bigintcalc 2019/12/15 v1.5 Expandable calculations on big integers (HO)
))
\Fld@menulength=\count277
\Field@Width=\dimen151
\Fld@charsize=\dimen152
Package hyperref Info: Hyper figures OFF on input line 6051.
Package hyperref Info: Link nesting OFF on input line 6056.
Package hyperref Info: Hyper index ON on input line 6059.
Package hyperref Info: backreferencing OFF on input line 6066.
Package hyperref Info: Link coloring OFF on input line 6071.
Package hyperref Info: Link coloring with OCG OFF on input line 6076.
Package hyperref Info: PDF/A mode OFF on input line 6081.
 (/Library/Application Support/MiKTeX/texmfs/install/tex/latex/base/atbegshi-ltx.sty
Package: atbegshi-ltx 2021/01/10 v1.0c Emulation of the original atbegshi
package with kernel methods
)
\Hy@abspage=\count278
\c@Item=\count279
\c@Hfootnote=\count280
)
Package hyperref Info: Driver (autodetected): hpdftex.
 (/Library/Application Support/MiKTeX/texmfs/install/tex/latex/hyperref/hpdftex.def
File: hpdftex.def 2023-07-08 v7.01b Hyperref driver for pdfTeX
 (/Library/Application Support/MiKTeX/texmfs/install/tex/latex/base/atveryend-ltx.sty
Package: atveryend-ltx 2020/08/19 v1.0a Emulation of the original atveryend package
with kernel methods
)
\Fld@listcount=\count281
\c@bookmark@seq@number=\count282
 (/Users/chanlonhoo/Library/Application Support/MiKTeX/texmfs/install/tex/latex/rerunfilecheck/rerunfilecheck.sty
Package: rerunfilecheck 2022-07-10 v1.10 Rerun checks for auxiliary files (HO)
 (/Users/chanlonhoo/Library/Application Support/MiKTeX/texmfs/install/tex/generic/uniquecounter/uniquecounter.sty
Package: uniquecounter 2019/12/15 v1.4 Provide unlimited unique counter (HO)
)
Package uniquecounter Info: New unique counter `rerunfilecheck' on input line 285.
)
\Hy@SectionHShift=\skip56
) (/Users/chanlonhoo/Library/Application Support/MiKTeX/texmfs/install/tex/latex/ulem/ulem.sty
\UL@box=\box54
\UL@hyphenbox=\box55
\UL@skip=\skip57
\UL@hook=\toks21
\UL@height=\dimen153
\UL@pe=\count283
\UL@pixel=\dimen154
\ULC@box=\box56
Package: ulem 2019/11/18
\ULdepth=\dimen155
) (/Library/Application Support/MiKTeX/texmfs/install/tex/latex/xcolor/xcolor.sty
Package: xcolor 2022/06/12 v2.14 LaTeX color extensions (UK)
 (/Library/Application Support/MiKTeX/texmfs/install/tex/latex/graphics-cfg/color.cfg
File: color.cfg 2016/01/02 v1.6 sample color configuration
)
Package xcolor Info: Driver file: pdftex.def on input line 227.
 (/Library/Application Support/MiKTeX/texmfs/install/tex/latex/graphics/mathcolor.ltx)
Package xcolor Info: Model `cmy' substituted by `cmy0' on input line 1353.
Package xcolor Info: Model `hsb' substituted by `rgb' on input line 1357.
Package xcolor Info: Model `RGB' extended on input line 1369.
Package xcolor Info: Model `HTML' substituted by `rgb' on input line 1371.
Package xcolor Info: Model `Hsb' substituted by `hsb' on input line 1372.
Package xcolor Info: Model `tHsb' substituted by `hsb' on input line 1373.
Package xcolor Info: Model `HSB' substituted by `hsb' on input line 1374.
Package xcolor Info: Model `Gray' substituted by `gray' on input line 1375.
Package xcolor Info: Model `wave' substituted by `hsb' on input line 1376.
) (/Users/chanlonhoo/Library/Application Support/MiKTeX/texmfs/install/tex/latex/caption/caption2.sty
Package: caption2 2021/01/20 v2.2i Customising captions (AR)
 (/Users/chanlonhoo/Library/Application Support/MiKTeX/texmfs/install/tex/latex/caption/caption3.sty
Package: caption3 2023/03/12 v2.4 caption3 kernel (AR)
\caption@tempdima=\dimen156
\captionmargin=\dimen157
\caption@leftmargin=\dimen158
\caption@rightmargin=\dimen159
\caption@width=\dimen160
\caption@indent=\dimen161
\caption@parindent=\dimen162
\caption@hangindent=\dimen163
Package caption Info: Standard document class detected.
)
Package caption2 Info: Running in caption2 v2.0 compatibility mode on input line 231.
\captionlinewidth=\dimen164
\realcaptionwidth=\dimen165
Package caption2 Info: float package is not loaded on input line 335.
Package caption2 Info: longtable package is not loaded on input line 352.
Package caption2 Info: subfigure package is loaded on input line 445.
Package caption2 Info: subfigure package v2.1 (or newer) detected on input line 445.
\subfigcapwidth=\dimen166
\subcapindent=\dimen167
) (/Library/Application Support/MiKTeX/texmfs/install/tex/latex/amsfonts/amssymb.sty
Package: amssymb 2013/01/14 v3.01 AMS font symbols
 (/Library/Application Support/MiKTeX/texmfs/install/tex/latex/amsfonts/amsfonts.sty
Package: amsfonts 2013/01/14 v3.01 Basic AMSFonts support
\@emptytoks=\toks22
\symAMSa=\mathgroup4
\symAMSb=\mathgroup5
LaTeX Font Info:    Redeclaring math symbol \hbar on input line 98.
LaTeX Font Info:    Overwriting math alphabet `\mathfrak' in version `bold'
(Font)                  U/euf/m/n --> U/euf/b/n on input line 106.
)) (/Library/Application Support/MiKTeX/texmfs/install/tex/latex/pgf/frontendlayer/tikz.sty (/Library/Application Support/MiKTeX/texmfs/install/tex/latex/pgf/basiclayer/pgf.sty (/Library/Application Support/MiKTeX/texmfs/install/tex/latex/pgf/utilities/pgfrcs.sty (/Library/Application Support/MiKTeX/texmfs/install/tex/generic/pgf/utilities/pgfutil-common.tex
\pgfutil@everybye=\toks23
\pgfutil@tempdima=\dimen168
\pgfutil@tempdimb=\dimen169
) (/Library/Application Support/MiKTeX/texmfs/install/tex/generic/pgf/utilities/pgfutil-latex.def
\pgfutil@abb=\box57
) (/Library/Application Support/MiKTeX/texmfs/install/tex/generic/pgf/utilities/pgfrcs.code.tex (/Library/Application Support/MiKTeX/texmfs/install/tex/generic/pgf/pgf.revision.tex)
Package: pgfrcs 2023-01-15 v3.1.10 (3.1.10)
))
Package: pgf 2023-01-15 v3.1.10 (3.1.10)
 (/Library/Application Support/MiKTeX/texmfs/install/tex/latex/pgf/basiclayer/pgfcore.sty (/Library/Application Support/MiKTeX/texmfs/install/tex/latex/pgf/systemlayer/pgfsys.sty (/Library/Application Support/MiKTeX/texmfs/install/tex/generic/pgf/systemlayer/pgfsys.code.tex
Package: pgfsys 2023-01-15 v3.1.10 (3.1.10)
 (/Library/Application Support/MiKTeX/texmfs/install/tex/generic/pgf/utilities/pgfkeys.code.tex
\pgfkeys@pathtoks=\toks24
\pgfkeys@temptoks=\toks25
 (/Library/Application Support/MiKTeX/texmfs/install/tex/generic/pgf/utilities/pgfkeyslibraryfiltered.code.tex
\pgfkeys@tmptoks=\toks26
))
\pgf@x=\dimen170
\pgf@y=\dimen171
\pgf@xa=\dimen172
\pgf@ya=\dimen173
\pgf@xb=\dimen174
\pgf@yb=\dimen175
\pgf@xc=\dimen176
\pgf@yc=\dimen177
\pgf@xd=\dimen178
\pgf@yd=\dimen179
\w@pgf@writea=\write3
\r@pgf@reada=\read2
\c@pgf@counta=\count284
\c@pgf@countb=\count285
\c@pgf@countc=\count286
\c@pgf@countd=\count287
\t@pgf@toka=\toks27
\t@pgf@tokb=\toks28
\t@pgf@tokc=\toks29
\pgf@sys@id@count=\count288
 (/Library/Application Support/MiKTeX/texmfs/install/tex/generic/pgf/systemlayer/pgf.cfg
File: pgf.cfg 2023-01-15 v3.1.10 (3.1.10)
)
Driver file for pgf: pgfsys-pdftex.def
 (/Library/Application Support/MiKTeX/texmfs/install/tex/generic/pgf/systemlayer/pgfsys-pdftex.def
File: pgfsys-pdftex.def 2023-01-15 v3.1.10 (3.1.10)
 (/Library/Application Support/MiKTeX/texmfs/install/tex/generic/pgf/systemlayer/pgfsys-common-pdf.def
File: pgfsys-common-pdf.def 2023-01-15 v3.1.10 (3.1.10)
))) (/Library/Application Support/MiKTeX/texmfs/install/tex/generic/pgf/systemlayer/pgfsyssoftpath.code.tex
File: pgfsyssoftpath.code.tex 2023-01-15 v3.1.10 (3.1.10)
\pgfsyssoftpath@smallbuffer@items=\count289
\pgfsyssoftpath@bigbuffer@items=\count290
) (/Library/Application Support/MiKTeX/texmfs/install/tex/generic/pgf/systemlayer/pgfsysprotocol.code.tex
File: pgfsysprotocol.code.tex 2023-01-15 v3.1.10 (3.1.10)
)) (/Library/Application Support/MiKTeX/texmfs/install/tex/generic/pgf/basiclayer/pgfcore.code.tex
Package: pgfcore 2023-01-15 v3.1.10 (3.1.10)
 (/Library/Application Support/MiKTeX/texmfs/install/tex/generic/pgf/math/pgfmath.code.tex (/Library/Application Support/MiKTeX/texmfs/install/tex/generic/pgf/math/pgfmathutil.code.tex) (/Library/Application Support/MiKTeX/texmfs/install/tex/generic/pgf/math/pgfmathparser.code.tex
\pgfmath@dimen=\dimen180
\pgfmath@count=\count291
\pgfmath@box=\box58
\pgfmath@toks=\toks30
\pgfmath@stack@operand=\toks31
\pgfmath@stack@operation=\toks32
) (/Library/Application Support/MiKTeX/texmfs/install/tex/generic/pgf/math/pgfmathfunctions.code.tex) (/Library/Application Support/MiKTeX/texmfs/install/tex/generic/pgf/math/pgfmathfunctions.basic.code.tex) (/Library/Application Support/MiKTeX/texmfs/install/tex/generic/pgf/math/pgfmathfunctions.trigonometric.code.tex) (/Library/Application Support/MiKTeX/texmfs/install/tex/generic/pgf/math/pgfmathfunctions.random.code.tex) (/Library/Application Support/MiKTeX/texmfs/install/tex/generic/pgf/math/pgfmathfunctions.comparison.code.tex) (/Library/Application Support/MiKTeX/texmfs/install/tex/generic/pgf/math/pgfmathfunctions.base.code.tex) (/Library/Application Support/MiKTeX/texmfs/install/tex/generic/pgf/math/pgfmathfunctions.round.code.tex) (/Library/Application Support/MiKTeX/texmfs/install/tex/generic/pgf/math/pgfmathfunctions.misc.code.tex) (/Library/Application Support/MiKTeX/texmfs/install/tex/generic/pgf/math/pgfmathfunctions.integerarithmetics.code.tex) (/Library/Application Support/MiKTeX/texmfs/install/tex/generic/pgf/math/pgfmathcalc.code.tex) (/Library/Application Support/MiKTeX/texmfs/install/tex/generic/pgf/math/pgfmathfloat.code.tex
\c@pgfmathroundto@lastzeros=\count292
)) (/Library/Application Support/MiKTeX/texmfs/install/tex/generic/pgf/math/pgfint.code.tex) (/Library/Application Support/MiKTeX/texmfs/install/tex/generic/pgf/basiclayer/pgfcorepoints.code.tex
File: pgfcorepoints.code.tex 2023-01-15 v3.1.10 (3.1.10)
\pgf@picminx=\dimen181
\pgf@picmaxx=\dimen182
\pgf@picminy=\dimen183
\pgf@picmaxy=\dimen184
\pgf@pathminx=\dimen185
\pgf@pathmaxx=\dimen186
\pgf@pathminy=\dimen187
\pgf@pathmaxy=\dimen188
\pgf@xx=\dimen189
\pgf@xy=\dimen190
\pgf@yx=\dimen191
\pgf@yy=\dimen192
\pgf@zx=\dimen193
\pgf@zy=\dimen194
) (/Library/Application Support/MiKTeX/texmfs/install/tex/generic/pgf/basiclayer/pgfcorepathconstruct.code.tex
File: pgfcorepathconstruct.code.tex 2023-01-15 v3.1.10 (3.1.10)
\pgf@path@lastx=\dimen195
\pgf@path@lasty=\dimen196
) (/Library/Application Support/MiKTeX/texmfs/install/tex/generic/pgf/basiclayer/pgfcorepathusage.code.tex
File: pgfcorepathusage.code.tex 2023-01-15 v3.1.10 (3.1.10)
\pgf@shorten@end@additional=\dimen197
\pgf@shorten@start@additional=\dimen198
) (/Library/Application Support/MiKTeX/texmfs/install/tex/generic/pgf/basiclayer/pgfcorescopes.code.tex
File: pgfcorescopes.code.tex 2023-01-15 v3.1.10 (3.1.10)
\pgfpic=\box59
\pgf@hbox=\box60
\pgf@layerbox@main=\box61
\pgf@picture@serial@count=\count293
) (/Library/Application Support/MiKTeX/texmfs/install/tex/generic/pgf/basiclayer/pgfcoregraphicstate.code.tex
File: pgfcoregraphicstate.code.tex 2023-01-15 v3.1.10 (3.1.10)
\pgflinewidth=\dimen199
) (/Library/Application Support/MiKTeX/texmfs/install/tex/generic/pgf/basiclayer/pgfcoretransformations.code.tex
File: pgfcoretransformations.code.tex 2023-01-15 v3.1.10 (3.1.10)
\pgf@pt@x=\dimen256
\pgf@pt@y=\dimen257
\pgf@pt@temp=\dimen258
) (/Library/Application Support/MiKTeX/texmfs/install/tex/generic/pgf/basiclayer/pgfcorequick.code.tex
File: pgfcorequick.code.tex 2023-01-15 v3.1.10 (3.1.10)
) (/Library/Application Support/MiKTeX/texmfs/install/tex/generic/pgf/basiclayer/pgfcoreobjects.code.tex
File: pgfcoreobjects.code.tex 2023-01-15 v3.1.10 (3.1.10)
) (/Library/Application Support/MiKTeX/texmfs/install/tex/generic/pgf/basiclayer/pgfcorepathprocessing.code.tex
File: pgfcorepathprocessing.code.tex 2023-01-15 v3.1.10 (3.1.10)
) (/Library/Application Support/MiKTeX/texmfs/install/tex/generic/pgf/basiclayer/pgfcorearrows.code.tex
File: pgfcorearrows.code.tex 2023-01-15 v3.1.10 (3.1.10)
\pgfarrowsep=\dimen259
) (/Library/Application Support/MiKTeX/texmfs/install/tex/generic/pgf/basiclayer/pgfcoreshade.code.tex
File: pgfcoreshade.code.tex 2023-01-15 v3.1.10 (3.1.10)
\pgf@max=\dimen260
\pgf@sys@shading@range@num=\count294
\pgf@shadingcount=\count295
) (/Library/Application Support/MiKTeX/texmfs/install/tex/generic/pgf/basiclayer/pgfcoreimage.code.tex
File: pgfcoreimage.code.tex 2023-01-15 v3.1.10 (3.1.10)
) (/Library/Application Support/MiKTeX/texmfs/install/tex/generic/pgf/basiclayer/pgfcoreexternal.code.tex
File: pgfcoreexternal.code.tex 2023-01-15 v3.1.10 (3.1.10)
\pgfexternal@startupbox=\box62
) (/Library/Application Support/MiKTeX/texmfs/install/tex/generic/pgf/basiclayer/pgfcorelayers.code.tex
File: pgfcorelayers.code.tex 2023-01-15 v3.1.10 (3.1.10)
) (/Library/Application Support/MiKTeX/texmfs/install/tex/generic/pgf/basiclayer/pgfcoretransparency.code.tex
File: pgfcoretransparency.code.tex 2023-01-15 v3.1.10 (3.1.10)
) (/Library/Application Support/MiKTeX/texmfs/install/tex/generic/pgf/basiclayer/pgfcorepatterns.code.tex
File: pgfcorepatterns.code.tex 2023-01-15 v3.1.10 (3.1.10)
) (/Library/Application Support/MiKTeX/texmfs/install/tex/generic/pgf/basiclayer/pgfcorerdf.code.tex
File: pgfcorerdf.code.tex 2023-01-15 v3.1.10 (3.1.10)
))) (/Library/Application Support/MiKTeX/texmfs/install/tex/generic/pgf/modules/pgfmoduleshapes.code.tex
File: pgfmoduleshapes.code.tex 2023-01-15 v3.1.10 (3.1.10)
\pgfnodeparttextbox=\box63
) (/Library/Application Support/MiKTeX/texmfs/install/tex/generic/pgf/modules/pgfmoduleplot.code.tex
File: pgfmoduleplot.code.tex 2023-01-15 v3.1.10 (3.1.10)
) (/Library/Application Support/MiKTeX/texmfs/install/tex/latex/pgf/compatibility/pgfcomp-version-0-65.sty
Package: pgfcomp-version-0-65 2023-01-15 v3.1.10 (3.1.10)
\pgf@nodesepstart=\dimen261
\pgf@nodesepend=\dimen262
) (/Library/Application Support/MiKTeX/texmfs/install/tex/latex/pgf/compatibility/pgfcomp-version-1-18.sty
Package: pgfcomp-version-1-18 2023-01-15 v3.1.10 (3.1.10)
)) (/Library/Application Support/MiKTeX/texmfs/install/tex/latex/pgf/utilities/pgffor.sty (/Library/Application Support/MiKTeX/texmfs/install/tex/latex/pgf/utilities/pgfkeys.sty (/Library/Application Support/MiKTeX/texmfs/install/tex/generic/pgf/utilities/pgfkeys.code.tex)) (/Library/Application Support/MiKTeX/texmfs/install/tex/latex/pgf/math/pgfmath.sty (/Library/Application Support/MiKTeX/texmfs/install/tex/generic/pgf/math/pgfmath.code.tex)) (/Library/Application Support/MiKTeX/texmfs/install/tex/generic/pgf/utilities/pgffor.code.tex
Package: pgffor 2023-01-15 v3.1.10 (3.1.10)
\pgffor@iter=\dimen263
\pgffor@skip=\dimen264
\pgffor@stack=\toks33
\pgffor@toks=\toks34
)) (/Library/Application Support/MiKTeX/texmfs/install/tex/generic/pgf/frontendlayer/tikz/tikz.code.tex
Package: tikz 2023-01-15 v3.1.10 (3.1.10)
 (/Library/Application Support/MiKTeX/texmfs/install/tex/generic/pgf/libraries/pgflibraryplothandlers.code.tex
File: pgflibraryplothandlers.code.tex 2023-01-15 v3.1.10 (3.1.10)
\pgf@plot@mark@count=\count296
\pgfplotmarksize=\dimen265
)
\tikz@lastx=\dimen266
\tikz@lasty=\dimen267
\tikz@lastxsaved=\dimen268
\tikz@lastysaved=\dimen269
\tikz@lastmovetox=\dimen270
\tikz@lastmovetoy=\dimen271
\tikzleveldistance=\dimen272
\tikzsiblingdistance=\dimen273
\tikz@figbox=\box64
\tikz@figbox@bg=\box65
\tikz@tempbox=\box66
\tikz@tempbox@bg=\box67
\tikztreelevel=\count297
\tikznumberofchildren=\count298
\tikznumberofcurrentchild=\count299
\tikz@fig@count=\count300
 (/Library/Application Support/MiKTeX/texmfs/install/tex/generic/pgf/modules/pgfmodulematrix.code.tex
File: pgfmodulematrix.code.tex 2023-01-15 v3.1.10 (3.1.10)
\pgfmatrixcurrentrow=\count301
\pgfmatrixcurrentcolumn=\count302
\pgf@matrix@numberofcolumns=\count303
)
\tikz@expandcount=\count304

(/Library/Application Support/MiKTeX/texmfs/install/tex/generic/pgf/frontendlayer/tikz/libraries/tikzlibrarytopaths.code.tex
File: tikzlibrarytopaths.code.tex 2023-01-15 v3.1.10 (3.1.10)
))) (/Library/Application Support/MiKTeX/texmfs/install/tex/latex/pgfplots/pgfplots.sty (/Library/Application Support/MiKTeX/texmfs/install/tex/generic/pgfplots/pgfplots.revision.tex)
Package: pgfplots 2021/05/15 v1.18.1 Data Visualization (1.18.1)
 (/Library/Application Support/MiKTeX/texmfs/install/tex/generic/pgfplots/pgfplots.code.tex (/Library/Application Support/MiKTeX/texmfs/install/tex/generic/pgfplots/pgfplotscore.code.tex
\t@pgfplots@toka=\toks35
\t@pgfplots@tokb=\toks36
\t@pgfplots@tokc=\toks37
\pgfplots@tmpa=\dimen274
\c@pgfplots@coordindex=\count305
\c@pgfplots@scanlineindex=\count306
 (/Library/Application Support/MiKTeX/texmfs/install/tex/generic/pgfplots/sys/pgfplotssysgeneric.code.tex)) (/Library/Application Support/MiKTeX/texmfs/install/tex/generic/pgfplots/libs/pgfplotslibrary.code.tex) (/Library/Application Support/MiKTeX/texmfs/install/tex/generic/pgfplots/oldpgfcompatib/pgfplotsoldpgfsupp_loader.code.tex (/Library/Application Support/MiKTeX/texmfs/install/tex/generic/pgf/libraries/pgflibraryfpu.code.tex)
Package pgfplots: loading complementary utilities for your pgf version...
\t@pgf@toka=\toks38
\t@pgf@tokb=\toks39
\t@pgf@tokc=\toks40
(/Library/Application Support/MiKTeX/texmfs/install/tex/generic/pgfplots/oldpgfcompatib/pgfplotsoldpgfsupp_pgfutil-common-lists.tex)) (/Library/Application Support/MiKTeX/texmfs/install/tex/generic/pgfplots/util/pgfplotsutil.code.tex (/Library/Application Support/MiKTeX/texmfs/install/tex/generic/pgfplots/liststructure/pgfplotsliststructure.code.tex) (/Library/Application Support/MiKTeX/texmfs/install/tex/generic/pgfplots/liststructure/pgfplotsliststructureext.code.tex) (/Library/Application Support/MiKTeX/texmfs/install/tex/generic/pgfplots/liststructure/pgfplotsarray.code.tex
\c@pgfplotsarray@tmp=\count307
) (/Library/Application Support/MiKTeX/texmfs/install/tex/generic/pgfplots/liststructure/pgfplotsmatrix.code.tex) (/Library/Application Support/MiKTeX/texmfs/install/tex/generic/pgfplots/numtable/pgfplotstableshared.code.tex
\c@pgfplotstable@counta=\count308
\t@pgfplotstable@a=\toks41
) (/Library/Application Support/MiKTeX/texmfs/install/tex/generic/pgfplots/liststructure/pgfplotsdeque.code.tex) (/Library/Application Support/MiKTeX/texmfs/install/tex/generic/pgfplots/util/pgfplotsbinary.code.tex (/Library/Application Support/MiKTeX/texmfs/install/tex/generic/pgfplots/util/pgfplotsbinary.data.code.tex)) (/Library/Application Support/MiKTeX/texmfs/install/tex/generic/pgfplots/util/pgfplotsutil.verb.code.tex) (/Library/Application Support/MiKTeX/texmfs/install/tex/generic/pgfplots/libs/pgflibrarypgfplots.surfshading.code.tex
\c@pgfplotslibrarysurf@no=\count309
 (/Library/Application Support/MiKTeX/texmfs/install/tex/generic/pgfplots/sys/pgflibrarypgfplots.surfshading.pgfsys-pdftex.def))) (/Library/Application Support/MiKTeX/texmfs/install/tex/generic/pgfplots/util/pgfplotscolormap.code.tex (/Library/Application Support/MiKTeX/texmfs/install/tex/generic/pgfplots/util/pgfplotscolor.code.tex)) (/Library/Application Support/MiKTeX/texmfs/install/tex/generic/pgfplots/pgfplotsstackedplots.code.tex) (/Library/Application Support/MiKTeX/texmfs/install/tex/generic/pgfplots/pgfplotsplothandlers.code.tex (/Library/Application Support/MiKTeX/texmfs/install/tex/generic/pgfplots/pgfplotsmeshplothandler.code.tex (/Library/Application Support/MiKTeX/texmfs/install/tex/generic/pgfplots/pgfplotsmeshplotimage.code.tex))) (/Library/Application Support/MiKTeX/texmfs/install/tex/generic/pgfplots/pgfplots.scaling.code.tex) (/Library/Application Support/MiKTeX/texmfs/install/tex/generic/pgfplots/pgfplotscoordprocessing.code.tex) (/Library/Application Support/MiKTeX/texmfs/install/tex/generic/pgfplots/pgfplots.errorbars.code.tex) (/Library/Application Support/MiKTeX/texmfs/install/tex/generic/pgfplots/pgfplots.markers.code.tex) (/Library/Application Support/MiKTeX/texmfs/install/tex/generic/pgfplots/pgfplotsticks.code.tex) (/Library/Application Support/MiKTeX/texmfs/install/tex/generic/pgfplots/pgfplots.paths.code.tex) (/Library/Application Support/MiKTeX/texmfs/install/tex/generic/pgf/frontendlayer/tikz/libraries/tikzlibrarydecorations.code.tex (/Library/Application Support/MiKTeX/texmfs/install/tex/generic/pgf/modules/pgfmoduledecorations.code.tex
\pgfdecoratedcompleteddistance=\dimen275
\pgfdecoratedremainingdistance=\dimen276
\pgfdecoratedinputsegmentcompleteddistance=\dimen277
\pgfdecoratedinputsegmentremainingdistance=\dimen278
\pgf@decorate@distancetomove=\dimen279
\pgf@decorate@repeatstate=\count310
\pgfdecorationsegmentamplitude=\dimen280
\pgfdecorationsegmentlength=\dimen281
)
\tikz@lib@dec@box=\box68
) (/Library/Application Support/MiKTeX/texmfs/install/tex/generic/pgf/frontendlayer/tikz/libraries/tikzlibrarydecorations.pathmorphing.code.tex (/Library/Application Support/MiKTeX/texmfs/install/tex/generic/pgf/libraries/decorations/pgflibrarydecorations.pathmorphing.code.tex)) (/Library/Application Support/MiKTeX/texmfs/install/tex/generic/pgf/frontendlayer/tikz/libraries/tikzlibrarydecorations.pathreplacing.code.tex (/Library/Application Support/MiKTeX/texmfs/install/tex/generic/pgf/libraries/decorations/pgflibrarydecorations.pathreplacing.code.tex)) (/Library/Application Support/MiKTeX/texmfs/install/tex/generic/pgfplots/libs/tikzlibrarypgfplots.contourlua.code.tex)
\pgfplots@numplots=\count311
\pgfplots@xmin@reg=\dimen282
\pgfplots@xmax@reg=\dimen283
\pgfplots@ymin@reg=\dimen284
\pgfplots@ymax@reg=\dimen285
\pgfplots@zmin@reg=\dimen286
\pgfplots@zmax@reg=\dimen287
) (/Library/Application Support/MiKTeX/texmfs/install/tex/generic/pgf/frontendlayer/tikz/libraries/tikzlibraryplotmarks.code.tex
File: tikzlibraryplotmarks.code.tex 2023-01-15 v3.1.10 (3.1.10)
 (/Library/Application Support/MiKTeX/texmfs/install/tex/generic/pgf/libraries/pgflibraryplotmarks.code.tex
File: pgflibraryplotmarks.code.tex 2023-01-15 v3.1.10 (3.1.10)
))) (/Library/Application Support/MiKTeX/texmfs/install/tex/latex/amsmath/amsmath.sty
Package: amsmath 2023/05/13 v2.17o AMS math features
\@mathmargin=\skip58

For additional information on amsmath, use the `?' option.
(/Library/Application Support/MiKTeX/texmfs/install/tex/latex/amsmath/amstext.sty
Package: amstext 2021/08/26 v2.01 AMS text
 (/Library/Application Support/MiKTeX/texmfs/install/tex/latex/amsmath/amsgen.sty
File: amsgen.sty 1999/11/30 v2.0 generic functions
\@emptytoks=\toks42
\ex@=\dimen288
)) (/Library/Application Support/MiKTeX/texmfs/install/tex/latex/amsmath/amsbsy.sty
Package: amsbsy 1999/11/29 v1.2d Bold Symbols
\pmbraise@=\dimen289
) (/Library/Application Support/MiKTeX/texmfs/install/tex/latex/amsmath/amsopn.sty
Package: amsopn 2022/04/08 v2.04 operator names
)
\inf@bad=\count312
LaTeX Info: Redefining \frac on input line 234.
\uproot@=\count313
\leftroot@=\count314
LaTeX Info: Redefining \overline on input line 399.
LaTeX Info: Redefining \colon on input line 410.
\classnum@=\count315
\DOTSCASE@=\count316
LaTeX Info: Redefining \ldots on input line 496.
LaTeX Info: Redefining \dots on input line 499.
LaTeX Info: Redefining \cdots on input line 620.
\Mathstrutbox@=\box69
\strutbox@=\box70
LaTeX Info: Redefining \big on input line 722.
LaTeX Info: Redefining \Big on input line 723.
LaTeX Info: Redefining \bigg on input line 724.
LaTeX Info: Redefining \Bigg on input line 725.
\big@size=\dimen290
LaTeX Font Info:    Redeclaring font encoding OML on input line 743.
LaTeX Font Info:    Redeclaring font encoding OMS on input line 744.
\macc@depth=\count317
LaTeX Info: Redefining \bmod on input line 905.
LaTeX Info: Redefining \pmod on input line 910.
LaTeX Info: Redefining \smash on input line 940.
LaTeX Info: Redefining \relbar on input line 970.
LaTeX Info: Redefining \Relbar on input line 971.
\c@MaxMatrixCols=\count318
\dotsspace@=\muskip17
\c@parentequation=\count319
\dspbrk@lvl=\count320
\tag@help=\toks43
\row@=\count321
\column@=\count322
\maxfields@=\count323
\andhelp@=\toks44
\eqnshift@=\dimen291
\alignsep@=\dimen292
\tagshift@=\dimen293
\tagwidth@=\dimen294
\totwidth@=\dimen295
\lineht@=\dimen296
\@envbody=\toks45
\multlinegap=\skip59
\multlinetaggap=\skip60
\mathdisplay@stack=\toks46
LaTeX Info: Redefining \[ on input line 2953.
LaTeX Info: Redefining \] on input line 2954.
) (/Users/chanlonhoo/Library/Application Support/MiKTeX/texmfs/install/tex/latex/mathtools/mathtools.sty
Package: mathtools 2022/06/29 v1.29 mathematical typesetting tools
 (/Library/Application Support/MiKTeX/texmfs/install/tex/latex/tools/calc.sty
Package: calc 2017/05/25 v4.3 Infix arithmetic (KKT,FJ)
\calc@Acount=\count324
\calc@Bcount=\count325
\calc@Adimen=\dimen297
\calc@Bdimen=\dimen298
\calc@Askip=\skip61
\calc@Bskip=\skip62
LaTeX Info: Redefining \setlength on input line 80.
LaTeX Info: Redefining \addtolength on input line 81.
\calc@Ccount=\count326
\calc@Cskip=\skip63
) (/Users/chanlonhoo/Library/Application Support/MiKTeX/texmfs/install/tex/latex/mathtools/mhsetup.sty
Package: mhsetup 2021/03/18 v1.4 programming setup (MH)
)
\g_MT_multlinerow_int=\count327
\l_MT_multwidth_dim=\dimen299
\origjot=\skip64
\l_MT_shortvdotswithinadjustabove_dim=\dimen300
\l_MT_shortvdotswithinadjustbelow_dim=\dimen301
\l_MT_above_intertext_sep=\dimen302
\l_MT_below_intertext_sep=\dimen303
\l_MT_above_shortintertext_sep=\dimen304
\l_MT_below_shortintertext_sep=\dimen305
\xmathstrut@box=\box71
\xmathstrut@dim=\dimen306
) (/Users/chanlonhoo/Library/Application Support/MiKTeX/texmfs/install/tex/latex/setspace/setspace.sty
Package: setspace 2022/12/04 v6.7b set line spacing
) (/Library/Application Support/MiKTeX/texmfs/install/tex/generic/babel/babel.sty
Package: babel 2023/07/15 v3.92 The Babel package
\babel@savecnt=\count328
\U@D=\dimen307
\l@unhyphenated=\language79
 (/Library/Application Support/MiKTeX/texmfs/install/tex/generic/babel/txtbabel.def)
\bbl@readstream=\read3
\bbl@dirlevel=\count329

*************************************
* Local config file bblopts.cfg used
*
(/Library/Application Support/MiKTeX/texmfs/install/tex/latex/arabi/bblopts.cfg
File: bblopts.cfg 2005/09/08 v0.1 add Arabic and Farsi to "declared" options of babel
) (/Library/Application Support/MiKTeX/texmfs/install/tex/latex/babel-english/english.ldf
Language: english 2017/06/06 v3.3r English support from the babel system
Package babel Info: Hyphen rules for 'canadian' set to \l@english
(babel)             (\language0). Reported on input line 102.
Package babel Info: Hyphen rules for 'australian' set to \l@ukenglish
(babel)             (\language73). Reported on input line 105.
Package babel Info: Hyphen rules for 'newzealand' set to \l@ukenglish
(babel)             (\language73). Reported on input line 108.
)) (/Library/Application Support/MiKTeX/texmfs/install/tex/generic/babel/locale/en/babel-english.tex
Package babel Info: Importing font and identification data for english
(babel)             from babel-en.ini. Reported on input line 11.
) (/Users/chanlonhoo/Library/Application Support/MiKTeX/texmfs/install/tex/latex/booktabs/booktabs.sty
Package: booktabs 2020/01/12 v1.61803398 Publication quality tables
\heavyrulewidth=\dimen308
\lightrulewidth=\dimen309
\cmidrulewidth=\dimen310
\belowrulesep=\dimen311
\belowbottomsep=\dimen312
\aboverulesep=\dimen313
\abovetopsep=\dimen314
\cmidrulesep=\dimen315
\cmidrulekern=\dimen316
\defaultaddspace=\dimen317
\@cmidla=\count330
\@cmidlb=\count331
\@aboverulesep=\dimen318
\@belowrulesep=\dimen319
\@thisruleclass=\count332
\@lastruleclass=\count333
\@thisrulewidth=\dimen320
) (/Users/chanlonhoo/Library/Application Support/MiKTeX/texmfs/install/tex/latex/fancyvrb/fancyvrb.sty
Package: fancyvrb 2023/01/19 4.5a verbatim text (tvz,hv)
\FV@CodeLineNo=\count334
\FV@InFile=\read4
\FV@TabBox=\box72
\c@FancyVerbLine=\count335
\FV@StepNumber=\count336
\FV@OutFile=\write4
) (/Users/chanlonhoo/Library/Application Support/MiKTeX/texmfs/install/tex/latex/tikzmark/tikzlibrarytikzmark.code.tex
File: tikzlibrarytikzmark.code.tex 2022/08/24 v1.15 TikZ library for marking positions in a document
 (/Library/Application Support/MiKTeX/texmfs/install/tex/latex/l3kernel/expl3.sty
Package: expl3 2023-06-30 L3 programming layer (loader) 
 (/Library/Application Support/MiKTeX/texmfs/install/tex/latex/l3backend/l3backend-pdftex.def
File: l3backend-pdftex.def 2023-04-19 L3 backend support: PDF output (pdfTeX)
\l__color_backend_stack_int=\count337
\l__pdf_internal_box=\box73
)) (/Library/Application Support/MiKTeX/texmfs/install/tex/latex/l3packages/l3keys2e/l3keys2e.sty
Package: l3keys2e 2023-02-02 LaTeX2e option processing using LaTeX3 keys
) (/Library/Application Support/MiKTeX/texmfs/install/tex/latex/l3packages/xparse/xparse.sty
Package: xparse 2023-02-02 L3 Experimental document command parser
)
\l__sn_x_dim=\dimen321
\l__sn_y_dim=\dimen322
\l__sn_xa_dim=\dimen323
\l__sn_ya_dim=\dimen324
) (/Library/Application Support/MiKTeX/texmfs/install/tex/generic/pgf/frontendlayer/tikz/libraries/tikzlibrarycalc.code.tex
File: tikzlibrarycalc.code.tex 2023-01-15 v3.1.10 (3.1.10)
)
Package hyperref Info: Option `colorlinks' set `true' on input line 45.
 (nginx^^e7^^ac^^94^^e8^^ae^^b0.aux)
\openout1 = `nginx^^e7^^ac^^94^^e8^^ae^^b0.aux'.

LaTeX Font Info:    Checking defaults for OML/cmm/m/it on input line 51.
LaTeX Font Info:    ... okay on input line 51.
LaTeX Font Info:    Checking defaults for OMS/cmsy/m/n on input line 51.
LaTeX Font Info:    ... okay on input line 51.
LaTeX Font Info:    Checking defaults for OT1/cmr/m/n on input line 51.
LaTeX Font Info:    ... okay on input line 51.
LaTeX Font Info:    Checking defaults for T1/cmr/m/n on input line 51.
LaTeX Font Info:    ... okay on input line 51.
LaTeX Font Info:    Checking defaults for TS1/cmr/m/n on input line 51.
LaTeX Font Info:    ... okay on input line 51.
LaTeX Font Info:    Checking defaults for OMX/cmex/m/n on input line 51.
LaTeX Font Info:    ... okay on input line 51.
LaTeX Font Info:    Checking defaults for U/cmr/m/n on input line 51.
LaTeX Font Info:    ... okay on input line 51.
LaTeX Font Info:    Checking defaults for C00/song/m/n on input line 51.
LaTeX Font Info:    ... okay on input line 51.
LaTeX Font Info:    Checking defaults for C05/song/m/n on input line 51.
LaTeX Font Info:    ... okay on input line 51.
LaTeX Font Info:    Checking defaults for C09/song/m/n on input line 51.
LaTeX Font Info:    ... okay on input line 51.
LaTeX Font Info:    Checking defaults for C10/song/m/n on input line 51.
LaTeX Font Info:    ... okay on input line 51.
LaTeX Font Info:    Checking defaults for C20/song/m/n on input line 51.
LaTeX Font Info:    ... okay on input line 51.
LaTeX Font Info:    Checking defaults for C19/song/m/n on input line 51.
LaTeX Font Info:    ... okay on input line 51.
LaTeX Font Info:    Checking defaults for C40/song/m/n on input line 51.
LaTeX Font Info:    ... okay on input line 51.
LaTeX Font Info:    Checking defaults for C42/song/m/n on input line 51.
LaTeX Font Info:    ... okay on input line 51.
LaTeX Font Info:    Checking defaults for C43/song/m/n on input line 51.
LaTeX Font Info:    ... okay on input line 51.
LaTeX Font Info:    Checking defaults for C50/song/m/n on input line 51.
LaTeX Font Info:    ... okay on input line 51.
LaTeX Font Info:    Checking defaults for C52/song/m/n on input line 51.
LaTeX Font Info:    ... okay on input line 51.
LaTeX Font Info:    Checking defaults for C49/song/m/n on input line 51.
LaTeX Font Info:    ... okay on input line 51.
LaTeX Font Info:    Checking defaults for C60/mj/m/n on input line 51.
LaTeX Font Info:    ... okay on input line 51.
LaTeX Font Info:    Checking defaults for C61/mj/m/n on input line 51.
LaTeX Font Info:    ... okay on input line 51.
LaTeX Font Info:    Checking defaults for C63/mj/m/n on input line 51.
LaTeX Font Info:    ... okay on input line 51.
LaTeX Font Info:    Checking defaults for C64/mj/m/n on input line 51.
LaTeX Font Info:    ... okay on input line 51.
LaTeX Font Info:    Checking defaults for C65/mj/m/n on input line 51.
LaTeX Font Info:    ... okay on input line 51.
LaTeX Font Info:    Checking defaults for C70/song/m/n on input line 51.
LaTeX Font Info:    ... okay on input line 51.
LaTeX Font Info:    Checking defaults for C31/song/m/n on input line 51.
LaTeX Font Info:    ... okay on input line 51.
LaTeX Font Info:    Checking defaults for C32/song/m/n on input line 51.
LaTeX Font Info:    ... okay on input line 51.
LaTeX Font Info:    Checking defaults for C33/song/m/n on input line 51.
LaTeX Font Info:    ... okay on input line 51.
LaTeX Font Info:    Checking defaults for C34/song/m/n on input line 51.
LaTeX Font Info:    ... okay on input line 51.
LaTeX Font Info:    Checking defaults for C35/song/m/n on input line 51.
LaTeX Font Info:    ... okay on input line 51.
LaTeX Font Info:    Checking defaults for C36/song/m/n on input line 51.
LaTeX Font Info:    ... okay on input line 51.
LaTeX Font Info:    Checking defaults for C37/song/m/n on input line 51.
LaTeX Font Info:    ... okay on input line 51.
LaTeX Font Info:    Checking defaults for C80/song/m/n on input line 51.
LaTeX Font Info:    ... okay on input line 51.
LaTeX Font Info:    Checking defaults for C81/song/m/n on input line 51.
LaTeX Font Info:    ... okay on input line 51.
LaTeX Font Info:    Checking defaults for C01/song/m/n on input line 51.
LaTeX Font Info:    ... okay on input line 51.
LaTeX Font Info:    Checking defaults for C11/song/m/n on input line 51.
LaTeX Font Info:    ... okay on input line 51.
LaTeX Font Info:    Checking defaults for C21/song/m/n on input line 51.
LaTeX Font Info:    ... okay on input line 51.
LaTeX Font Info:    Checking defaults for C41/song/m/n on input line 51.
LaTeX Font Info:    ... okay on input line 51.
LaTeX Font Info:    Checking defaults for C62/song/m/n on input line 51.
LaTeX Font Info:    ... okay on input line 51.
LaTeX Font Info:    Checking defaults for PD1/pdf/m/n on input line 51.
LaTeX Font Info:    ... okay on input line 51.
LaTeX Font Info:    Checking defaults for PU/pdf/m/n on input line 51.
LaTeX Font Info:    ... okay on input line 51.
 (/Library/Application Support/MiKTeX/texmfs/install/tex/context/base/mkii/supp-pdf.mkii
[Loading MPS to PDF converter (version 2006.09.02).]
\scratchcounter=\count338
\scratchdimen=\dimen325
\scratchbox=\box74
\nofMPsegments=\count339
\nofMParguments=\count340
\everyMPshowfont=\toks47
\MPscratchCnt=\count341
\MPscratchDim=\dimen326
\MPnumerator=\count342
\makeMPintoPDFobject=\count343
\everyMPtoPDFconversion=\toks48
) (/Library/Application Support/MiKTeX/texmfs/install/tex/latex/epstopdf-pkg/epstopdf-base.sty
Package: epstopdf-base 2020-01-24 v2.11 Base part for package epstopdf
Package epstopdf-base Info: Redefining graphics rule for `.eps' on input line 485.
 (/Library/Application Support/MiKTeX/texmfs/install/tex/latex/00miktex/epstopdf-sys.cfg
File: epstopdf-sys.cfg 2021/03/18 v2.0 Configuration of epstopdf for MiKTeX
))
\c@lstlisting=\count344
Package hyperref Info: Link coloring ON on input line 51.
 (nginx^^e7^^ac^^94^^e8^^ae^^b0.out) (nginx^^e7^^ac^^94^^e8^^ae^^b0.out)
\@outlinefile=\write5
\openout5 = `nginx^^e7^^ac^^94^^e8^^ae^^b0.out'.

Package caption Info: Begin \AtBeginDocument code.
Package caption Info: End \AtBeginDocument code.


Package pgfplots Warning: running in backwards compatibility mode (unsuitable tick labels; missing features). Consider writing \pgfplotsset{compat=1.18} into your preamble.
 on input line 51.

(/Users/chanlonhoo/Library/Application Support/MiKTeX/texmfs/install/tex/latex/cjk/UTF8/UTF8.bdg
File: UTF8.bdg 2021/10/16 4.8.5
) (/Users/chanlonhoo/Library/Application Support/MiKTeX/texmfs/install/tex/latex/cjk/UTF8/UTF8.enc
File: UTF8.enc 2021/10/16 4.8.5
) (/Users/chanlonhoo/Library/Application Support/MiKTeX/texmfs/install/tex/latex/cjk/UTF8/UTF8.chr
File: UTF8.chr 2021/10/16 4.8.5
)
LaTeX Font Info:    Trying to load font information for C70+gbsn on input line 54.
 (/Users/chanlonhoo/Library/Application Support/MiKTeX/texmfs/install/tex/latex/cjk/UTF8/c70gbsn.fd
File: c70gbsn.fd 2021/10/16 4.8.5
) (/Users/chanlonhoo/Library/Application Support/MiKTeX/texmfs/install/tex/latex/cjk/UTF8/c70gbsn.fdx
File: c70gbsn.fdx 2021/10/16 4.8.5
)
LaTeX Font Info:    Trying to load font information for U+msa on input line 54.
 (/Library/Application Support/MiKTeX/texmfs/install/tex/latex/amsfonts/umsa.fd
File: umsa.fd 2013/01/14 v3.01 AMS symbols A
)
LaTeX Font Info:    Trying to load font information for U+msb on input line 54.
 (/Library/Application Support/MiKTeX/texmfs/install/tex/latex/amsfonts/umsb.fd
File: umsb.fd 2013/01/14 v3.01 AMS symbols B
) [1

{/Users/chanlonhoo/Library/Application Support/MiKTeX/texmfs/data/fonts/map/pdftex/pdftex.map}] (/Library/Application Support/MiKTeX/texmfs/install/tex/latex/listings/lstlang1.sty
File: lstlang1.sty 2023/02/27 1.9 listings language file
) (/Library/Application Support/MiKTeX/texmfs/install/tex/latex/listings/lstlang1.sty
File: lstlang1.sty 2023/02/27 1.9 listings language file
)
LaTeX Font Info:    Trying to load font information for OMS+cmr on input line 63.
 (/Library/Application Support/MiKTeX/texmfs/install/tex/latex/base/omscmr.fd
File: omscmr.fd 2023/04/13 v2.5m Standard LaTeX font definitions
)
LaTeX Font Info:    Font shape `OMS/cmr/m/n' in size <12> not available
(Font)              Font shape `OMS/cmsy/m/n' tried instead on input line 63.
 [2

]
<./imgs/catch2023-08-19-10.37.16.png, id=378, 1204.5pt x 784.9325pt>
File: ./imgs/catch2023-08-19-10.37.16.png Graphic file (type png)
<use ./imgs/catch2023-08-19-10.37.16.png>
Package pdftex.def Info: ./imgs/catch2023-08-19-10.37.16.png  used on input line 113.
(pdftex.def)             Requested size: 390.0pt x 254.15384pt.

Overfull \hbox (18.64459pt too wide) detected at line 135
[] []
 []

[3 <./imgs/catch2023-08-19-10.37.16.png>] [4]
<./imgs/catch2023-08-19-16.28.04.png, id=421, 1236.62pt x 317.185pt>
File: ./imgs/catch2023-08-19-16.28.04.png Graphic file (type png)
<use ./imgs/catch2023-08-19-16.28.04.png>
Package pdftex.def Info: ./imgs/catch2023-08-19-16.28.04.png  used on input line 157.
(pdftex.def)             Requested size: 350.99762pt x 90.02599pt.

Overfull \hbox (15.77464pt too wide) in paragraph at lines 161--162
[]\C70/gbsn/m/n/12/8f ^^d9 \C70/gbsn/m/n/12/4e ^^9b \C70/gbsn/m/n/12/6a ! \C70/gbsn/m/n/12/57 W \C70/gbsn/m/n/12/53 ^^ef \C70/gbsn/m/n/12/4e ^^e5 \C70/gbsn/m/n/12/63 ^^I \C70/gbsn/m/n/12/71 g \C70/gbsn/m/n/12/52 ^^9f \C70/gbsn/m/n/12/80 ^^fd \C70/gbsn/m/n/12/8f ^^db \C70/gbsn/m/n/12/88 L \C70/gbsn/m/n/12/52 ^^F \C70/gbsn/m/n/12/7c { \C70/gbsn/m/n/12/ff ^^Z \C70/gbsn/m/n/12/68 8 \C70/gbsn/m/n/12/5f ^^c3 \C70/gbsn/m/n/12/52 ^^9f \C70/gbsn/m/n/12/80 ^^fd \C70/gbsn/m/n/12/30 ^^A \C70/gbsn/m/n/12/4e ^^8b ^^f6 \C70/gbsn/m/n/12/59 ^^D \C70/gbsn/m/n/12/74 ^^F \C70/gbsn/m/n/12/30 ^^A \C70/gbsn/m/n/12/96 6 \C70/gbsn/m/n/12/6b ^^b5 \C70/gbsn/m/n/12/59 ^^D \C70/gbsn/m/n/12/74 ^^F \C70/gbsn/m/n/12/ff ^^H\OT1/cmr/m/n/12 HTTP\C70/gbsn/m/n/12/6a !
 []

<./imgs/catch2023-08-19-16.16.15.png, id=422, 634.37pt x 509.905pt>
File: ./imgs/catch2023-08-19-16.16.15.png Graphic file (type png)
<use ./imgs/catch2023-08-19-16.16.15.png>
Package pdftex.def Info: ./imgs/catch2023-08-19-16.16.15.png  used on input line 165.
(pdftex.def)             Requested size: 312.00119pt x 250.78929pt.
[5

 <./imgs/catch2023-08-19-16.28.04.png> <./imgs/catch2023-08-19-16.16.15.png>]
Overfull \hbox (9.9621pt too wide) detected at line 221
[] []
 []

[6]
<./imgs/catch2023-08-19-19.18.04.png, id=447, 1373.13pt x 979.66pt>
File: ./imgs/catch2023-08-19-19.18.04.png Graphic file (type png)
<use ./imgs/catch2023-08-19-19.18.04.png>
Package pdftex.def Info: ./imgs/catch2023-08-19-19.18.04.png  used on input line 227.
(pdftex.def)             Requested size: 312.00119pt x 222.59645pt.
 [7 <./imgs/catch2023-08-19-19.18.04.png>]
Overfull \hbox (1.38927pt too wide) in paragraph at lines 276--286
 [][] 
 []

[8

]
Underfull \hbox (badness 10000) in paragraph at lines 324--326

 []

[9

]
Overfull \hbox (3.99252pt too wide) in paragraph at lines 365--366
[] \OT1/cmr/m/n/12 ng-inx \C70/gbsn/m/n/12/5b ^^98 \C70/gbsn/m/n/12/7f Q \C70/gbsn/m/n/12/6a ! \C70/gbsn/m/n/12/57 W \C70/gbsn/m/n/12/65 Y \C70/gbsn/m/n/12/7a ^^K \C70/gbsn/m/n/12/ff ^^Z[][]$\OT1/cmtt/m/n/12 https : / / nginx . org / en / docs / http / ngx _ http _
 []

[10] [11

]
Underfull \hbox (badness 10000) in paragraph at lines 431--436

 []


Underfull \hbox (badness 10000) in paragraph at lines 431--436

 []


Underfull \hbox (badness 10000) in paragraph at lines 431--436

 []


Underfull \hbox (badness 10000) in paragraph at lines 431--436

 []

[12

]
Overfull \hbox (9.52623pt too wide) in paragraph at lines 445--447
[]\C70/gbsn/m/n/12/67 ^^I \C70/gbsn/m/n/12/65 ^^f6 \C70/gbsn/m/n/12/50 ^^Y \C70/gbsn/m/n/12/62 ^^Q \C70/gbsn/m/n/12/4e ^^ec \C70/gbsn/m/n/12/5b ^^89 \C70/gbsn/m/n/12/88 ^^c5 \C70/gbsn/m/n/12/4e ^^86 \OT1/cmr/m/n/12 ng-inx \C70/gbsn/m/n/12/54 ^^N \C70/gbsn/m/n/12/53 ^^d1 \C70/gbsn/m/n/12/73 ^^b0 \C70/gbsn/m/n/12/91 M \C70/gbsn/m/n/12/7f n \C70/gbsn/m/n/12/65 ^^87 \C70/gbsn/m/n/12/4e ^^f6 \C70/gbsn/m/n/12/53 ^^ea \C70/gbsn/m/n/12/67 ^^I \C70/gbsn/m/n/12/4e ^^@ * \C70/gbsn/m/n/12/ff ^^L\OT1/cmr/m/n/12 /etc/nginx/nginx.conf\C70/gbsn/m/n/12/30 ^^B
 []

[13]
<./imgs/catch2023-08-23-18.09.54.png, id=575, 2101.8525pt x 1469.49pt>
File: ./imgs/catch2023-08-23-18.09.54.png Graphic file (type png)
<use ./imgs/catch2023-08-23-18.09.54.png>
Package pdftex.def Info: ./imgs/catch2023-08-23-18.09.54.png  used on input line 471.
(pdftex.def)             Requested size: 390.0pt x 272.6586pt.
 [14 <./imgs/catch2023-08-23-18.09.54.png>]
<./imgs/catch2023-08-23-18.30.26.png, id=588, 551.05875pt x 508.90125pt>
File: ./imgs/catch2023-08-23-18.30.26.png Graphic file (type png)
<use ./imgs/catch2023-08-23-18.30.26.png>
Package pdftex.def Info: ./imgs/catch2023-08-23-18.30.26.png  used on input line 482.
(pdftex.def)             Requested size: 390.0pt x 360.18094pt.
 [15

 <./imgs/catch2023-08-23-18.30.26.png>]
Overfull \hbox (0.16461pt too wide) in paragraph at lines 496--498
\OT1/cmr/m/n/12 Modified \C70/gbsn/m/n/12/ff ^^L \C70/gbsn/m/n/12/4e ^^K ^^@ \C70/gbsn/m/n/12/6b ! \C70/gbsn/m/n/12/53 ^^d1 \C70/gbsn/m/n/12/90 ^^A \OT1/cmr/m/n/12 Http \C70/gbsn/m/n/12/8b ^^f7 \C70/gbsn/m/n/12/6c B \C70/gbsn/m/n/12/65 ^^f6 \C70/gbsn/m/n/12/ff ^^L \C70/gbsn/m/n/12/5c ^^F \C70/gbsn/m/n/12/4f ^^Z \C70/gbsn/m/n/12/53 ^^d1 \C70/gbsn/m/n/12/75 ^^_ \C70/gbsn/m/n/12/5e & \OT1/cmr/m/n/12 If-modified-since \C70/gbsn/m/n/12/76 ^^84 \OT1/cmr/m/n/12 Http-
 []

[16

]
<./imgs/catch2023-08-23-20.21.19.png, id=617, 1834.855pt x 1465.475pt>
File: ./imgs/catch2023-08-23-20.21.19.png Graphic file (type png)
<use ./imgs/catch2023-08-23-20.21.19.png>
Package pdftex.def Info: ./imgs/catch2023-08-23-20.21.19.png  used on input line 547.
(pdftex.def)             Requested size: 390.0pt x 311.47081pt.
 [17

 <./imgs/catch2023-08-23-20.21.19.png>]
<./imgs/20160202133724350.jpg, id=631, 739.26187pt x 178.41656pt>
File: ./imgs/20160202133724350.jpg Graphic file (type jpg)
<use ./imgs/20160202133724350.jpg>
Package pdftex.def Info: ./imgs/20160202133724350.jpg  used on input line 564.
(pdftex.def)             Requested size: 390.0pt x 94.12473pt.
<./imgs/catch2023-08-25-00.46.05.png, id=633, 2619.7875pt x 1465.475pt>
File: ./imgs/catch2023-08-25-00.46.05.png Graphic file (type png)
<use ./imgs/catch2023-08-25-00.46.05.png>
Package pdftex.def Info: ./imgs/catch2023-08-25-00.46.05.png  used on input line 574.
(pdftex.def)             Requested size: 312.00119pt x 174.53009pt.
 [18

 <./imgs/20160202133724350.jpg> <./imgs/catch2023-08-25-00.46.05.png>]
Package hyperref Info: bookmark level for unknown lstlisting defaults to 0 on input line 594.
 [19] [20]
<./imgs/catch2023-08-25-08.52.45.png, id=694, 1471.4975pt x 1098.1025pt>
File: ./imgs/catch2023-08-25-08.52.45.png Graphic file (type png)
<use ./imgs/catch2023-08-25-08.52.45.png>
Package pdftex.def Info: ./imgs/catch2023-08-25-08.52.45.png  used on input line 660.
(pdftex.def)             Requested size: 234.00238pt x 174.61087pt.
<./imgs/catch2023-08-25-09.26.21.png, id=695, 1471.4975pt x 1098.1025pt>
File: ./imgs/catch2023-08-25-09.26.21.png Graphic file (type png)
<use ./imgs/catch2023-08-25-09.26.21.png>
Package pdftex.def Info: ./imgs/catch2023-08-25-09.26.21.png  used on input line 677.
(pdftex.def)             Requested size: 183.30048pt x 136.77655pt.
<./imgs/catch2023-08-25-09.26.09.png, id=696, 1471.4975pt x 1098.1025pt>
File: ./imgs/catch2023-08-25-09.26.09.png Graphic file (type png)
<use ./imgs/catch2023-08-25-09.26.09.png>
Package pdftex.def Info: ./imgs/catch2023-08-25-09.26.09.png  used on input line 680.
(pdftex.def)             Requested size: 183.30048pt x 136.77655pt.
 [21

 <./imgs/catch2023-08-25-08.52.45.png> <./imgs/catch2023-08-25-09.26.21.png> <./imgs/catch2023-08-25-09.26.09.png>] [22]
<./imgs/catch2023-08-25-22.40.09.png, id=742, 1270.7475pt x 630.355pt>
File: ./imgs/catch2023-08-25-22.40.09.png Graphic file (type png)
<use ./imgs/catch2023-08-25-22.40.09.png>
Package pdftex.def Info: ./imgs/catch2023-08-25-22.40.09.png  used on input line 729.
(pdftex.def)             Requested size: 234.00238pt x 116.07521pt.

Overfull \hbox (16.20712pt too wide) in paragraph at lines 740--742
[]\C70/gbsn/bx/n/12/7f ^^V \C70/gbsn/m/n/12/8f ^^91 \C70/gbsn/bx/n/12/91 M \C70/gbsn/bx/n/12/7f n\OT1/cmr/m/n/12 server1.conf\C70/gbsn/bx/n/12/65 ^^87 \C70/gbsn/bx/n/12/4e ^^f6 \C70/gbsn/m/n/12/ff ^^L\OT1/cmr/m/n/12 server2.conf\C70/gbsn/m/n/12/30 ^^A\OT1/cmr/m/n/12 server3.conf \C70/gbsn/m/n/12/5b ^^f9 \C70/gbsn/m/n/12/5e ^^94 \C70/gbsn/m/n/12/76 ^^ee \C70/gbsn/m/n/12/5f U \OT1/cmr/m/n/12 /data/-code2\C70/gbsn/m/n/12/ff ^^L 
 []


Overfull \hbox (19.92792pt too wide) in paragraph at lines 761--763
[]\C70/gbsn/m/n/12/52 ^^[ \C70/gbsn/m/n/12/5e ^^fa v \C70/gbsn/bx/n/12/7f ^^V \C70/gbsn/m/n/12/8f ^^91 \OT1/cmr/m/n/12 /data/-code1/index.html\C70/gbsn/m/n/12/ff ^^L \C70/gbsn/bx/n/12/4e ^^e5 \C70/gbsn/bx/n/12/6b d \C70/gbsn/m/n/12/7c { \C70/gbsn/m/n/12/63 ^^a8 \C70/gbsn/m/n/12/52 ^^[ \C70/gbsn/m/n/12/5e ^^fa \OT1/cmr/m/n/12 /data/-code2/index.html\C70/gbsn/m/n/12/ff ^^L 
 []

[23

 <./imgs/catch2023-08-25-22.40.09.png>]
<./imgs/catch2023-08-26-10.43.17.png, id=768, 2302.6025pt x 1585.925pt>
File: ./imgs/catch2023-08-26-10.43.17.png Graphic file (type png)
<use ./imgs/catch2023-08-26-10.43.17.png>
Package pdftex.def Info: ./imgs/catch2023-08-26-10.43.17.png  used on input line 779.
(pdftex.def)             Requested size: 234.00238pt x 161.1669pt.
 [24 <./imgs/catch2023-08-26-10.43.17.png>] [25]
Overfull \hbox (9.21912pt too wide) in paragraph at lines 836--837
[][][]\OT1/cmtt/m/n/12 proxy_set_header X-Real-IP $remote_addr; []\C70/gbsn/bx/n/12/62 ^^8a \C70/gbsn/m/n/12/5b ^^a2 \C70/gbsn/bx/n/12/62 7 \C70/gbsn/m/n/12/7a ^^ef \C70/gbsn/bx/n/12/8b ^^f7 \C70/gbsn/m/n/12/6c B \C70/gbsn/m/n/12/76 ^^84 \C70/gbsn/m/n/12/77 ^^_ \C70/gbsn/m/n/12/5b ^^9e\OT1/cmr/m/n/12 IP
 []


Overfull \hbox (9.87488pt too wide) in paragraph at lines 837--838
[][][]\OT1/cmtt/m/n/12 proxy_set_header X-Forwarded-For $proxy_add_x_forwarded_for; 
 []

[26]
<./imgs/catch2023-08-26-12.39.02.png, id=838, 1858.945pt x 1405.25pt>
File: ./imgs/catch2023-08-26-12.39.02.png Graphic file (type png)
<use ./imgs/catch2023-08-26-12.39.02.png>
Package pdftex.def Info: ./imgs/catch2023-08-26-12.39.02.png  used on input line 881.
(pdftex.def)             Requested size: 234.00238pt x 176.87804pt.
 [27

 <./imgs/catch2023-08-26-12.39.02.png>] [28

]
Overfull \hbox (7.11386pt too wide) in paragraph at lines 955--956
[][][]\OT1/cmtt/m/n/12 proxy_cache_bypass $cookie_nocache $arg_nocache$arg_comment; []\C70/gbsn/bx/n/12/62 ^^Q \C70/gbsn/bx/n/12/4e ^^ec
 []

[29]

Package hyperref Warning: Suppressing link with empty target on input line 980.


Overfull \hbox (11.5673pt too wide) in paragraph at lines 992--993
[]\OT1/cmr/m/n/12 aceld ng-inx\C70/gbsn/m/n/12/ff ^^Z[][]$\OT1/cmtt/m/n/12 https : / / aceld . gitbooks . io / nginx-[]zh / content / nginx .
 []


Overfull \hbox (1.21754pt too wide) in paragraph at lines 995--996
[]\OT1/cmr/m/n/12 NGINX \C70/gbsn/m/n/12/5b ^^8c \C70/gbsn/bx/n/12/51 h \C70/gbsn/bx/n/12/62 K \C70/gbsn/bx/n/12/51 ^^8c \C70/gbsn/m/n/12/ff ^^Z[][]$\OT1/cmtt/m/n/12 https : / / www . freecodecamp . org / chinese / news /
 []


Overfull \hbox (11.47037pt too wide) in paragraph at lines 1000--1001
[]\C70/gbsn/m/n/12/5d ^^e5 \C70/gbsn/m/n/12/4f \ \C70/gbsn/bx/n/12/4e -\OT1/cmr/m/n/12 nginx\C70/gbsn/bx/n/12/65 t \C70/gbsn/bx/n/12/74 ^^F \C70/gbsn/m/n/12/ff ^^Z[][]$\OT1/cmtt/m/n/12 https : / / www . cnblogs . com / windysai / p / 14122105 .
 []

[30

]
Overfull \hbox (3.02582pt too wide) in paragraph at lines 1002--1003
[]\C70/gbsn/m/n/12/5d ^^e5 \C70/gbsn/m/n/12/4f \ \C70/gbsn/m/n/12/5f ^^c5 \C70/gbsn/m/n/12/4f ^^Z \C70/gbsn/bx/n/12/76 ^^84\OT1/cmr/m/n/12 Nginx\C70/gbsn/bx/n/12/54 / \C70/gbsn/m/n/12/52 ^^a8 \C70/gbsn/m/n/12/5b ^^89 \C70/gbsn/bx/n/12/88 ^^c5 \C70/gbsn/bx/n/12/54 } \C70/gbsn/bx/n/12/4e ^^e4 \C70/gbsn/bx/n/12/54 ^^8c \C70/gbsn/m/n/12/5e 8 \C70/gbsn/m/n/12/75 ( \C70/gbsn/bx/n/12/91 M \C70/gbsn/bx/n/12/7f n \C70/gbsn/m/n/12/4f ^^8b \C70/gbsn/m/n/12/5b P \C70/gbsn/m/n/12/ff ^^Z[][]$\OT1/cmtt/m/n/12 https : / / www . modb .
 []


Overfull \hbox (24.35088pt too wide) in paragraph at lines 1010--1011
[]\C70/gbsn/bx/n/12/51 h \C70/gbsn/m/n/12/97 b \C70/gbsn/bx/n/12/4e ^^86 \C70/gbsn/m/n/12/89 ^^e3\OT1/cmr/m/n/12 Nginx\C70/gbsn/bx/n/12/4e ; \C70/gbsn/m/n/12/89 ^^81 \C70/gbsn/m/n/12/5e ^^94 \C70/gbsn/m/n/12/75 ( \C70/gbsn/m/n/12/57 : \C70/gbsn/m/n/12/66 o \C70/gbsn/m/n/12/ff ^^Z[][]$\OT1/cmtt/m/n/12 https : / / cloud . tencent . com / developer /
 []

[31] (nginx^^e7^^ac^^94^^e8^^ae^^b0.aux)
 ***********
LaTeX2e <2023-06-01> patch level 1
L3 programming layer <2023-06-30>
 ***********
Package rerunfilecheck Info: File `nginx^^e7^^ac^^94^^e8^^ae^^b0.out' has not changed.
(rerunfilecheck)             Checksum: 9358004DD7A2CB365B4EA4CE68CF4B99;8041.
 ) 
Here is how much of TeX's memory you used:
 39604 strings out of 475551
 872417 string characters out of 5759685
 2101244 words of memory out of 5000000
 59469 multiletter control sequences out of 15000+600000
 639563 words of font info for 329 fonts, out of 8000000 for 9000
 1141 hyphenation exceptions out of 8191
 88i,16n,92p,786b,3042s stack positions out of 10000i,1000n,20000p,200000b,200000s
 </Users/chanlonhoo/Library/Application Support/MiKTeX/texmfs/data/fonts/pk/ljfour/jknappen/ec/dpi600/tcbx1440.pk> </Users/chanlonhoo/Library/Application Support/MiKTeX/texmfs/data/fonts/pk/ljfour/jknappen/ec/dpi600/tcrm1200.pk></Library/Application Support/MiKTeX/texmfs/install/fonts/type1/public/amsfonts/cm/cmbx12.pfb></Library/Application Support/MiKTeX/texmfs/install/fonts/type1/public/amsfonts/cm/cmex10.pfb></Library/Application Support/MiKTeX/texmfs/install/fonts/type1/public/amsfonts/cm/cmmi12.pfb></Library/Application Support/MiKTeX/texmfs/install/fonts/type1/public/amsfonts/cm/cmr10.pfb></Library/Application Support/MiKTeX/texmfs/install/fonts/type1/public/amsfonts/cm/cmr12.pfb></Library/Application Support/MiKTeX/texmfs/install/fonts/type1/public/amsfonts/cm/cmr17.pfb></Library/Application Support/MiKTeX/texmfs/install/fonts/type1/public/amsfonts/cm/cmsy10.pfb></Library/Application Support/MiKTeX/texmfs/install/fonts/type1/public/amsfonts/cm/cmtt12.pfb></Users/chanlonhoo/Library/Application Support/MiKTeX/texmfs/install/fonts/type1/arphic/gbsnu/gbsnu30.pfb></Users/chanlonhoo/Library/Application Support/MiKTeX/texmfs/install/fonts/type1/arphic/gbsnu/gbsnu4e.pfb></Users/chanlonhoo/Library/Application Support/MiKTeX/texmfs/install/fonts/type1/arphic/gbsnu/gbsnu4f.pfb></Users/chanlonhoo/Library/Application Support/MiKTeX/texmfs/install/fonts/type1/arphic/gbsnu/gbsnu50.pfb></Users/chanlonhoo/Library/Application Support/MiKTeX/texmfs/install/fonts/type1/arphic/gbsnu/gbsnu51.pfb></Users/chanlonhoo/Library/Application Support/MiKTeX/texmfs/install/fonts/type1/arphic/gbsnu/gbsnu52.pfb></Users/chanlonhoo/Library/Application Support/MiKTeX/texmfs/install/fonts/type1/arphic/gbsnu/gbsnu53.pfb></Users/chanlonhoo/Library/Application Support/MiKTeX/texmfs/install/fonts/type1/arphic/gbsnu/gbsnu54.pfb></Users/chanlonhoo/Library/Application Support/MiKTeX/texmfs/install/fonts/type1/arphic/gbsnu/gbsnu55.pfb></Users/chanlonhoo/Library/Application Support/MiKTeX/texmfs/install/fonts/type1/arphic/gbsnu/gbsnu56.pfb></Users/chanlonhoo/Library/Application Support/MiKTeX/texmfs/install/fonts/type1/arphic/gbsnu/gbsnu57.pfb></Users/chanlonhoo/Library/Application Support/MiKTeX/texmfs/install/fonts/type1/arphic/gbsnu/gbsnu58.pfb></Users/chanlonhoo/Library/Application Support/MiKTeX/texmfs/install/fonts/type1/arphic/gbsnu/gbsnu59.pfb></Users/chanlonhoo/Library/Application Support/MiKTeX/texmfs/install/fonts/type1/arphic/gbsnu/gbsnu5b.pfb></Users/chanlonhoo/Library/Application Support/MiKTeX/texmfs/install/fonts/type1/arphic/gbsnu/gbsnu5c.pfb></Users/chanlonhoo/Library/Application Support/MiKTeX/texmfs/install/fonts/type1/arphic/gbsnu/gbsnu5d.pfb></Users/chanlonhoo/Library/Application Support/MiKTeX/texmfs/install/fonts/type1/arphic/gbsnu/gbsnu5e.pfb></Users/chanlonhoo/Library/Application Support/MiKTeX/texmfs/install/fonts/type1/arphic/gbsnu/gbsnu5f.pfb></Users/chanlonhoo/Library/Application Support/MiKTeX/texmfs/install/fonts/type1/arphic/gbsnu/gbsnu60.pfb></Users/chanlonhoo/Library/Application Support/MiKTeX/texmfs/install/fonts/type1/arphic/gbsnu/gbsnu61.pfb></Users/chanlonhoo/Library/Application Support/MiKTeX/texmfs/install/fonts/type1/arphic/gbsnu/gbsnu62.pfb></Users/chanlonhoo/Library/Application Support/MiKTeX/texmfs/install/fonts/type1/arphic/gbsnu/gbsnu63.pfb></Users/chanlonhoo/Library/Application Support/MiKTeX/texmfs/install/fonts/type1/arphic/gbsnu/gbsnu64.pfb></Users/chanlonhoo/Library/Application Support/MiKTeX/texmfs/install/fonts/type1/arphic/gbsnu/gbsnu65.pfb></Users/chanlonhoo/Library/Application Support/MiKTeX/texmfs/install/fonts/type1/arphic/gbsnu/gbsnu66.pfb></Users/chanlonhoo/Library/Application Support/MiKTeX/texmfs/install/fonts/type1/arphic/gbsnu/gbsnu67.pfb></Users/chanlonhoo/Library/Application Support/MiKTeX/texmfs/install/fonts/type1/arphic/gbsnu/gbsnu68.pfb></Users/chanlonhoo/Library/Application Support/MiKTeX/texmfs/install/fonts/type1/arphic/gbsnu/gbsnu6a.pfb></Users/chanlonhoo/Library/Application Support/MiKTeX/texmfs/install/fonts/type1/arphic/gbsnu/gbsnu6b.pfb></Users/chanlonhoo/Library/Application Support/MiKTeX/texmfs/install/fonts/type1/arphic/gbsnu/gbsnu6c.pfb></Users/chanlonhoo/Library/Application Support/MiKTeX/texmfs/install/fonts/type1/arphic/gbsnu/gbsnu6d.pfb></Users/chanlonhoo/Library/Application Support/MiKTeX/texmfs/install/fonts/type1/arphic/gbsnu/gbsnu6e.pfb></Users/chanlonhoo/Library/Application Support/MiKTeX/texmfs/install/fonts/type1/arphic/gbsnu/gbsnu70.pfb></Users/chanlonhoo/Library/Application Support/MiKTeX/texmfs/install/fonts/type1/arphic/gbsnu/gbsnu71.pfb></Users/chanlonhoo/Library/Application Support/MiKTeX/texmfs/install/fonts/type1/arphic/gbsnu/gbsnu72.pfb></Users/chanlonhoo/Library/Application Support/MiKTeX/texmfs/install/fonts/type1/arphic/gbsnu/gbsnu73.pfb></Users/chanlonhoo/Library/Application Support/MiKTeX/texmfs/install/fonts/type1/arphic/gbsnu/gbsnu74.pfb></Users/chanlonhoo/Library/Application Support/MiKTeX/texmfs/install/fonts/type1/arphic/gbsnu/gbsnu75.pfb></Users/chanlonhoo/Library/Application Support/MiKTeX/texmfs/install/fonts/type1/arphic/gbsnu/gbsnu76.pfb></Users/chanlonhoo/Library/Application Support/MiKTeX/texmfs/install/fonts/type1/arphic/gbsnu/gbsnu77.pfb></Users/chanlonhoo/Library/Application Support/MiKTeX/texmfs/install/fonts/type1/arphic/gbsnu/gbsnu78.pfb></Users/chanlonhoo/Library/Application Support/MiKTeX/texmfs/install/fonts/type1/arphic/gbsnu/gbsnu79.pfb></Users/chanlonhoo/Library/Application Support/MiKTeX/texmfs/install/fonts/type1/arphic/gbsnu/gbsnu7a.pfb></Users/chanlonhoo/Library/Application Support/MiKTeX/texmfs/install/fonts/type1/arphic/gbsnu/gbsnu7b.pfb></Users/chanlonhoo/Library/Application Support/MiKTeX/texmfs/install/fonts/type1/arphic/gbsnu/gbsnu7c.pfb></Users/chanlonhoo/Library/Application Support/MiKTeX/texmfs/install/fonts/type1/arphic/gbsnu/gbsnu7e.pfb></Users/chanlonhoo/Library/Application Support/MiKTeX/texmfs/install/fonts/type1/arphic/gbsnu/gbsnu7f.pfb></Users/chanlonhoo/Library/Application Support/MiKTeX/texmfs/install/fonts/type1/arphic/gbsnu/gbsnu80.pfb></Users/chanlonhoo/Library/Application Support/MiKTeX/texmfs/install/fonts/type1/arphic/gbsnu/gbsnu81.pfb></Users/chanlonhoo/Library/Application Support/MiKTeX/texmfs/install/fonts/type1/arphic/gbsnu/gbsnu82.pfb></Users/chanlonhoo/Library/Application Support/MiKTeX/texmfs/install/fonts/type1/arphic/gbsnu/gbsnu83.pfb></Users/chanlonhoo/Library/Application Support/MiKTeX/texmfs/install/fonts/type1/arphic/gbsnu/gbsnu86.pfb></Users/chanlonhoo/Library/Application Support/MiKTeX/texmfs/install/fonts/type1/arphic/gbsnu/gbsnu88.pfb></Users/chanlonhoo/Library/Application Support/MiKTeX/texmfs/install/fonts/type1/arphic/gbsnu/gbsnu89.pfb></Users/chanlonhoo/Library/Application Support/MiKTeX/texmfs/install/fonts/type1/arphic/gbsnu/gbsnu8b.pfb></Users/chanlonhoo/Library/Application Support/MiKTeX/texmfs/install/fonts/type1/arphic/gbsnu/gbsnu8c.pfb></Users/chanlonhoo/Library/Application Support/MiKTeX/texmfs/install/fonts/type1/arphic/gbsnu/gbsnu8d.pfb></Users/chanlonhoo/Library/Application Support/MiKTeX/texmfs/install/fonts/type1/arphic/gbsnu/gbsnu8e.pfb></Users/chanlonhoo/Library/Application Support/MiKTeX/texmfs/install/fonts/type1/arphic/gbsnu/gbsnu8f.pfb></Users/chanlonhoo/Library/Application Support/MiKTeX/texmfs/install/fonts/type1/arphic/gbsnu/gbsnu90.pfb></Users/chanlonhoo/Library/Application Support/MiKTeX/texmfs/install/fonts/type1/arphic/gbsnu/gbsnu91.pfb></Users/chanlonhoo/Library/Application Support/MiKTeX/texmfs/install/fonts/type1/arphic/gbsnu/gbsnu94.pfb></Users/chanlonhoo/Library/Application Support/MiKTeX/texmfs/install/fonts/type1/arphic/gbsnu/gbsnu95.pfb></Users/chanlonhoo/Library/Application Support/MiKTeX/texmfs/install/fonts/type1/arphic/gbsnu/gbsnu96.pfb></Users/chanlonhoo/Library/Application Support/MiKTeX/texmfs/install/fonts/type1/arphic/gbsnu/gbsnu97.pfb></Users/chanlonhoo/Library/Application Support/MiKTeX/texmfs/install/fonts/type1/arphic/gbsnu/gbsnu98.pfb></Users/chanlonhoo/Library/Application Support/MiKTeX/texmfs/install/fonts/type1/arphic/gbsnu/gbsnu99.pfb></Users/chanlonhoo/Library/Application Support/MiKTeX/texmfs/install/fonts/type1/arphic/gbsnu/gbsnu9a.pfb></Users/chanlonhoo/Library/Application Support/MiKTeX/texmfs/install/fonts/type1/arphic/gbsnu/gbsnu9e.pfb></Users/chanlonhoo/Library/Application Support/MiKTeX/texmfs/install/fonts/type1/arphic/gbsnu/gbsnuff.pfb>
Output written on nginx^^e7^^ac^^94^^e8^^ae^^b0.pdf (31 pages, 4526562 bytes).
PDF statistics:
 1375 PDF objects out of 1440 (max. 8388607)
 422 named destinations out of 1000 (max. 500000)
 840 words of extra memory for PDF output out of 10000 (max. 10000000)

